{"/home/lucas/develop/car-tracker/src/hooks/useAutoTracker.ts": {"path":"/home/lucas/develop/car-tracker/src/hooks/useAutoTracker.ts","statementMap":{"0":{"start":{"line":33,"column":21},"end":{"line":33,"column":53}},"1":{"start":{"line":34,"column":25},"end":{"line":34,"column":61}},"2":{"start":{"line":35,"column":24},"end":{"line":35,"column":59}},"3":{"start":{"line":36,"column":16},"end":{"line":36,"column":57}},"4":{"start":{"line":37,"column":25},"end":{"line":39,"column":9}},"5":{"start":{"line":40,"column":8},"end":{"line":40,"column":75}},"6":{"start":{"line":41,"column":8},"end":{"line":41,"column":54}},"7":{"start":{"line":42,"column":45},"end":{"line":42,"column":78}},"8":{"start":{"line":44,"column":8},"end":{"line":44,"column":50}},"9":{"start":{"line":44,"column":39},"end":{"line":44,"column":50}},"10":{"start":{"line":45,"column":17},"end":{"line":45,"column":33}},"11":{"start":{"line":47,"column":2},"end":{"line":49,"column":null}},"12":{"start":{"line":48,"column":4},"end":{"line":48,"column":null}},"13":{"start":{"line":51,"column":8},"end":{"line":78,"column":null}},"14":{"start":{"line":53,"column":6},"end":{"line":53,"column":null}},"15":{"start":{"line":54,"column":6},"end":{"line":75,"column":null}},"16":{"start":{"line":55,"column":8},"end":{"line":72,"column":null}},"17":{"start":{"line":59,"column":14},"end":{"line":59,"column":null}},"18":{"start":{"line":60,"column":14},"end":{"line":60,"column":null}},"19":{"start":{"line":61,"column":14},"end":{"line":61,"column":null}},"20":{"start":{"line":64,"column":14},"end":{"line":64,"column":null}},"21":{"start":{"line":65,"column":14},"end":{"line":65,"column":null}},"22":{"start":{"line":66,"column":14},"end":{"line":66,"column":null}},"23":{"start":{"line":69,"column":30},"end":{"line":69,"column":51}},"24":{"start":{"line":70,"column":40},"end":{"line":70,"column":null}},"25":{"start":{"line":73,"column":8},"end":{"line":73,"column":null}},"26":{"start":{"line":75,"column":8},"end":{"line":75,"column":null}},"27":{"start":{"line":81,"column":8},"end":{"line":89,"column":null}},"28":{"start":{"line":83,"column":6},"end":{"line":86,"column":null}},"29":{"start":{"line":84,"column":8},"end":{"line":84,"column":null}},"30":{"start":{"line":86,"column":8},"end":{"line":86,"column":null}},"31":{"start":{"line":92,"column":8},"end":{"line":103,"column":23}},"32":{"start":{"line":93,"column":4},"end":{"line":101,"column":null}},"33":{"start":{"line":94,"column":6},"end":{"line":94,"column":null}},"34":{"start":{"line":95,"column":6},"end":{"line":95,"column":null}},"35":{"start":{"line":96,"column":6},"end":{"line":96,"column":null}},"36":{"start":{"line":97,"column":6},"end":{"line":97,"column":null}},"37":{"start":{"line":98,"column":6},"end":{"line":98,"column":null}},"38":{"start":{"line":99,"column":6},"end":{"line":99,"column":null}},"39":{"start":{"line":101,"column":6},"end":{"line":101,"column":null}},"40":{"start":{"line":105,"column":2},"end":{"line":110,"column":null}},"41":{"start":{"line":106,"column":4},"end":{"line":108,"column":null}},"42":{"start":{"line":107,"column":6},"end":{"line":107,"column":null}},"43":{"start":{"line":108,"column":6},"end":{"line":108,"column":null}},"44":{"start":{"line":112,"column":2},"end":{"line":123,"column":null}}},"fnMap":{"0":{"name":"useAutoTracker","decl":{"start":{"line":32,"column":16},"end":{"line":32,"column":55}},"loc":{"start":{"line":32,"column":55},"end":{"line":123,"column":null}},"line":32},"1":{"name":"(anonymous_1)","decl":{"start":{"line":44,"column":15},"end":{"line":44,"column":29}},"loc":{"start":{"line":44,"column":39},"end":{"line":44,"column":50}},"line":44},"2":{"name":"(anonymous_2)","decl":{"start":{"line":47,"column":2},"end":{"line":47,"column":18}},"loc":{"start":{"line":47,"column":18},"end":{"line":49,"column":6}},"line":47},"3":{"name":"(anonymous_3)","decl":{"start":{"line":52,"column":4},"end":{"line":52,"column":11}},"loc":{"start":{"line":52,"column":38},"end":{"line":78,"column":5}},"line":52},"4":{"name":"(anonymous_4)","decl":{"start":{"line":58,"column":31},"end":{"line":58,"column":43}},"loc":{"start":{"line":58,"column":43},"end":{"line":61,"column":null}},"line":58},"5":{"name":"(anonymous_5)","decl":{"start":{"line":63,"column":34},"end":{"line":63,"column":46}},"loc":{"start":{"line":63,"column":46},"end":{"line":66,"column":null}},"line":63},"6":{"name":"(anonymous_6)","decl":{"start":{"line":68,"column":12},"end":{"line":68,"column":36}},"loc":{"start":{"line":68,"column":36},"end":{"line":68,"column":null}},"line":68},"7":{"name":"(anonymous_7)","decl":{"start":{"line":69,"column":12},"end":{"line":69,"column":22}},"loc":{"start":{"line":69,"column":30},"end":{"line":69,"column":51}},"line":69},"8":{"name":"(anonymous_8)","decl":{"start":{"line":70,"column":12},"end":{"line":70,"column":29}},"loc":{"start":{"line":70,"column":40},"end":{"line":70,"column":null}},"line":70},"9":{"name":"(anonymous_9)","decl":{"start":{"line":82,"column":4},"end":{"line":82,"column":11}},"loc":{"start":{"line":82,"column":58},"end":{"line":89,"column":6}},"line":82},"10":{"name":"(anonymous_10)","decl":{"start":{"line":92,"column":27},"end":{"line":92,"column":39}},"loc":{"start":{"line":92,"column":39},"end":{"line":103,"column":6}},"line":92},"11":{"name":"(anonymous_11)","decl":{"start":{"line":105,"column":2},"end":{"line":105,"column":18}},"loc":{"start":{"line":105,"column":18},"end":{"line":110,"column":6}},"line":105},"12":{"name":"(anonymous_12)","decl":{"start":{"line":106,"column":4},"end":{"line":106,"column":17}},"loc":{"start":{"line":106,"column":17},"end":{"line":108,"column":null}},"line":106},"13":{"name":"(anonymous_13)","decl":{"start":{"line":107,"column":25},"end":{"line":107,"column":37}},"loc":{"start":{"line":107,"column":37},"end":{"line":107,"column":40}},"line":107}},"branchMap":{"0":{"loc":{"start":{"line":45,"column":17},"end":{"line":45,"column":33}},"type":"binary-expr","locations":[{"start":{"line":45,"column":17},"end":{"line":45,"column":31}},{"start":{"line":45,"column":31},"end":{"line":45,"column":33}}],"line":45}},"s":{"0":0,"1":0,"2":0,"3":0,"4":0,"5":0,"6":0,"7":0,"8":0,"9":0,"10":0,"11":0,"12":0,"13":0,"14":0,"15":0,"16":0,"17":0,"18":0,"19":0,"20":0,"21":0,"22":0,"23":0,"24":0,"25":0,"26":0,"27":0,"28":0,"29":0,"30":0,"31":0,"32":0,"33":0,"34":0,"35":0,"36":0,"37":0,"38":0,"39":0,"40":0,"41":0,"42":0,"43":0,"44":0},"f":{"0":0,"1":0,"2":0,"3":0,"4":0,"5":0,"6":0,"7":0,"8":0,"9":0,"10":0,"11":0,"12":0,"13":0},"b":{"0":[0,0]},"meta":{"lastBranch":1,"lastFunction":14,"lastStatement":45,"seen":{"f:32:16:32:55":0,"s:33:21:33:53":0,"s:34:25:34:61":1,"s:35:24:35:59":2,"s:36:16:36:57":3,"s:37:25:39:9":4,"s:40:8:40:75":5,"s:41:8:41:54":6,"s:42:45:42:78":7,"s:44:8:44:50":8,"f:44:15:44:29":1,"s:44:39:44:50":9,"s:45:17:45:33":10,"b:45:17:45:31:45:31:45:33":0,"s:47:2:49:Infinity":11,"f:47:2:47:18":2,"s:48:4:48:Infinity":12,"s:51:8:78:Infinity":13,"f:52:4:52:11":3,"s:53:6:53:Infinity":14,"s:54:6:75:Infinity":15,"s:55:8:72:Infinity":16,"f:58:31:58:43":4,"s:59:14:59:Infinity":17,"s:60:14:60:Infinity":18,"s:61:14:61:Infinity":19,"f:63:34:63:46":5,"s:64:14:64:Infinity":20,"s:65:14:65:Infinity":21,"s:66:14:66:Infinity":22,"f:68:12:68:36":6,"f:69:12:69:22":7,"s:69:30:69:51":23,"f:70:12:70:29":8,"s:70:40:70:Infinity":24,"s:73:8:73:Infinity":25,"s:75:8:75:Infinity":26,"s:81:8:89:Infinity":27,"f:82:4:82:11":9,"s:83:6:86:Infinity":28,"s:84:8:84:Infinity":29,"s:86:8:86:Infinity":30,"s:92:8:103:23":31,"f:92:27:92:39":10,"s:93:4:101:Infinity":32,"s:94:6:94:Infinity":33,"s:95:6:95:Infinity":34,"s:96:6:96:Infinity":35,"s:97:6:97:Infinity":36,"s:98:6:98:Infinity":37,"s:99:6:99:Infinity":38,"s:101:6:101:Infinity":39,"s:105:2:110:Infinity":40,"f:105:2:105:18":11,"s:106:4:108:Infinity":41,"f:106:4:106:17":12,"s:107:6:107:Infinity":42,"f:107:25:107:37":13,"s:108:6:108:Infinity":43,"s:112:2:123:Infinity":44}}}
,"/home/lucas/develop/car-tracker/src/hooks/useDebounce.ts": {"path":"/home/lucas/develop/car-tracker/src/hooks/useDebounce.ts","statementMap":{"0":{"start":{"line":4,"column":25},"end":{"line":4,"column":61}},"1":{"start":{"line":6,"column":2},"end":{"line":9,"column":null}},"2":{"start":{"line":7,"column":18},"end":{"line":7,"column":67}},"3":{"start":{"line":7,"column":35},"end":{"line":7,"column":59}},"4":{"start":{"line":8,"column":4},"end":{"line":8,"column":null}},"5":{"start":{"line":8,"column":17},"end":{"line":8,"column":36}},"6":{"start":{"line":11,"column":2},"end":{"line":11,"column":null}}},"fnMap":{"0":{"name":"useDebounce","decl":{"start":{"line":3,"column":16},"end":{"line":3,"column":31}},"loc":{"start":{"line":3,"column":65},"end":{"line":11,"column":null}},"line":3},"1":{"name":"(anonymous_1)","decl":{"start":{"line":6,"column":2},"end":{"line":6,"column":18}},"loc":{"start":{"line":6,"column":18},"end":{"line":9,"column":6}},"line":6},"2":{"name":"(anonymous_2)","decl":{"start":{"line":7,"column":18},"end":{"line":7,"column":35}},"loc":{"start":{"line":7,"column":35},"end":{"line":7,"column":59}},"line":7},"3":{"name":"(anonymous_3)","decl":{"start":{"line":8,"column":4},"end":{"line":8,"column":17}},"loc":{"start":{"line":8,"column":17},"end":{"line":8,"column":36}},"line":8}},"branchMap":{"0":{"loc":{"start":{"line":3,"column":41},"end":{"line":3,"column":65}},"type":"default-arg","locations":[{"start":{"line":3,"column":57},"end":{"line":3,"column":65}}],"line":3}},"s":{"0":10,"1":10,"2":7,"3":3,"4":7,"5":7,"6":10},"f":{"0":10,"1":7,"2":3,"3":7},"b":{"0":[10]},"meta":{"lastBranch":1,"lastFunction":4,"lastStatement":7,"seen":{"f:3:16:3:31":0,"b:3:57:3:65":0,"s:4:25:4:61":0,"s:6:2:9:Infinity":1,"f:6:2:6:18":1,"s:7:18:7:67":2,"f:7:18:7:35":2,"s:7:35:7:59":3,"s:8:4:8:Infinity":4,"f:8:4:8:17":3,"s:8:17:8:36":5,"s:11:2:11:Infinity":6}}}
,"/home/lucas/develop/car-tracker/src/hooks/useDeviceMotion.ts": {"path":"/home/lucas/develop/car-tracker/src/hooks/useDeviceMotion.ts","statementMap":{"0":{"start":{"line":18,"column":17},"end":{"line":18,"column":69}},"1":{"start":{"line":19,"column":22},"end":{"line":19,"column":55}},"2":{"start":{"line":20,"column":24},"end":{"line":20,"column":59}},"3":{"start":{"line":21,"column":8},"end":{"line":21,"column":41}},"4":{"start":{"line":23,"column":8},"end":{"line":46,"column":8}},"5":{"start":{"line":24,"column":4},"end":{"line":25,"column":null}},"6":{"start":{"line":25,"column":6},"end":{"line":25,"column":null}},"7":{"start":{"line":28,"column":30},"end":{"line":28,"column":null}},"8":{"start":{"line":32,"column":4},"end":{"line":40,"column":null}},"9":{"start":{"line":33,"column":6},"end":{"line":40,"column":null}},"10":{"start":{"line":34,"column":27},"end":{"line":34,"column":70}},"11":{"start":{"line":35,"column":24},"end":{"line":35,"column":null}},"12":{"start":{"line":36,"column":8},"end":{"line":36,"column":null}},"13":{"start":{"line":37,"column":8},"end":{"line":37,"column":null}},"14":{"start":{"line":39,"column":8},"end":{"line":39,"column":null}},"15":{"start":{"line":40,"column":8},"end":{"line":40,"column":null}},"16":{"start":{"line":44,"column":4},"end":{"line":44,"column":null}},"17":{"start":{"line":45,"column":4},"end":{"line":45,"column":null}},"18":{"start":{"line":48,"column":2},"end":{"line":99,"column":null}},"19":{"start":{"line":49,"column":4},"end":{"line":51,"column":null}},"20":{"start":{"line":50,"column":6},"end":{"line":50,"column":null}},"21":{"start":{"line":51,"column":6},"end":{"line":51,"column":null}},"22":{"start":{"line":54,"column":4},"end":{"line":54,"column":null}},"23":{"start":{"line":56,"column":10},"end":{"line":91,"column":null}},"24":{"start":{"line":57,"column":18},"end":{"line":57,"column":28}},"25":{"start":{"line":58,"column":6},"end":{"line":59,"column":null}},"26":{"start":{"line":59,"column":8},"end":{"line":59,"column":null}},"27":{"start":{"line":61,"column":6},"end":{"line":61,"column":null}},"28":{"start":{"line":68,"column":10},"end":{"line":68,"column":null}},"29":{"start":{"line":70,"column":6},"end":{"line":71,"column":null}},"30":{"start":{"line":71,"column":8},"end":{"line":71,"column":null}},"31":{"start":{"line":74,"column":6},"end":{"line":91,"column":null}},"32":{"start":{"line":94,"column":4},"end":{"line":94,"column":null}},"33":{"start":{"line":96,"column":4},"end":{"line":97,"column":null}},"34":{"start":{"line":97,"column":6},"end":{"line":97,"column":null}},"35":{"start":{"line":101,"column":2},"end":{"line":106,"column":null}}},"fnMap":{"0":{"name":"useDeviceMotion","decl":{"start":{"line":17,"column":16},"end":{"line":17,"column":57}},"loc":{"start":{"line":17,"column":57},"end":{"line":106,"column":null}},"line":17},"1":{"name":"(anonymous_1)","decl":{"start":{"line":23,"column":40},"end":{"line":23,"column":70}},"loc":{"start":{"line":23,"column":70},"end":{"line":46,"column":7}},"line":23},"2":{"name":"(anonymous_2)","decl":{"start":{"line":48,"column":2},"end":{"line":48,"column":18}},"loc":{"start":{"line":48,"column":18},"end":{"line":99,"column":7}},"line":48},"3":{"name":"(anonymous_3)","decl":{"start":{"line":56,"column":10},"end":{"line":56,"column":26}},"loc":{"start":{"line":56,"column":55},"end":{"line":91,"column":null}},"line":56},"4":{"name":"(anonymous_4)","decl":{"start":{"line":96,"column":4},"end":{"line":96,"column":17}},"loc":{"start":{"line":96,"column":17},"end":{"line":97,"column":null}},"line":96}},"branchMap":{"0":{"loc":{"start":{"line":24,"column":4},"end":{"line":25,"column":null}},"type":"if","locations":[{"start":{"line":24,"column":4},"end":{"line":25,"column":null}},{"start":{},"end":{}}],"line":24},"1":{"loc":{"start":{"line":32,"column":4},"end":{"line":40,"column":null}},"type":"if","locations":[{"start":{"line":32,"column":4},"end":{"line":40,"column":null}},{"start":{},"end":{}}],"line":32},"2":{"loc":{"start":{"line":49,"column":4},"end":{"line":51,"column":null}},"type":"if","locations":[{"start":{"line":49,"column":4},"end":{"line":51,"column":null}},{"start":{},"end":{}}],"line":49},"3":{"loc":{"start":{"line":58,"column":6},"end":{"line":59,"column":null}},"type":"if","locations":[{"start":{"line":58,"column":6},"end":{"line":59,"column":null}},{"start":{},"end":{}}],"line":58},"4":{"loc":{"start":{"line":70,"column":6},"end":{"line":71,"column":null}},"type":"if","locations":[{"start":{"line":70,"column":6},"end":{"line":71,"column":null}},{"start":{},"end":{}}],"line":70},"5":{"loc":{"start":{"line":70,"column":10},"end":{"line":70,"column":75}},"type":"binary-expr","locations":[{"start":{"line":70,"column":10},"end":{"line":70,"column":43}},{"start":{"line":70,"column":43},"end":{"line":70,"column":60}},{"start":{"line":70,"column":60},"end":{"line":70,"column":75}}],"line":70},"6":{"loc":{"start":{"line":76,"column":13},"end":{"line":76,"column":null}},"type":"binary-expr","locations":[{"start":{"line":76,"column":13},"end":{"line":76,"column":32}},{"start":{"line":76,"column":32},"end":{"line":76,"column":null}}],"line":76},"7":{"loc":{"start":{"line":77,"column":13},"end":{"line":77,"column":null}},"type":"binary-expr","locations":[{"start":{"line":77,"column":13},"end":{"line":77,"column":32}},{"start":{"line":77,"column":32},"end":{"line":77,"column":null}}],"line":77},"8":{"loc":{"start":{"line":78,"column":13},"end":{"line":78,"column":null}},"type":"binary-expr","locations":[{"start":{"line":78,"column":13},"end":{"line":78,"column":32}},{"start":{"line":78,"column":32},"end":{"line":78,"column":null}}],"line":78},"9":{"loc":{"start":{"line":81,"column":13},"end":{"line":81,"column":null}},"type":"binary-expr","locations":[{"start":{"line":81,"column":13},"end":{"line":81,"column":48}},{"start":{"line":81,"column":48},"end":{"line":81,"column":null}}],"line":81},"10":{"loc":{"start":{"line":82,"column":13},"end":{"line":82,"column":null}},"type":"binary-expr","locations":[{"start":{"line":82,"column":13},"end":{"line":82,"column":48}},{"start":{"line":82,"column":48},"end":{"line":82,"column":null}}],"line":82},"11":{"loc":{"start":{"line":83,"column":13},"end":{"line":83,"column":null}},"type":"binary-expr","locations":[{"start":{"line":83,"column":13},"end":{"line":83,"column":48}},{"start":{"line":83,"column":48},"end":{"line":83,"column":null}}],"line":83},"12":{"loc":{"start":{"line":86,"column":17},"end":{"line":86,"column":null}},"type":"binary-expr","locations":[{"start":{"line":86,"column":17},"end":{"line":86,"column":40}},{"start":{"line":86,"column":40},"end":{"line":86,"column":null}}],"line":86},"13":{"loc":{"start":{"line":87,"column":16},"end":{"line":87,"column":null}},"type":"binary-expr","locations":[{"start":{"line":87,"column":16},"end":{"line":87,"column":38}},{"start":{"line":87,"column":38},"end":{"line":87,"column":null}}],"line":87},"14":{"loc":{"start":{"line":88,"column":17},"end":{"line":88,"column":null}},"type":"binary-expr","locations":[{"start":{"line":88,"column":17},"end":{"line":88,"column":40}},{"start":{"line":88,"column":40},"end":{"line":88,"column":null}}],"line":88},"15":{"loc":{"start":{"line":90,"column":18},"end":{"line":90,"column":null}},"type":"binary-expr","locations":[{"start":{"line":90,"column":18},"end":{"line":90,"column":30}},{"start":{"line":90,"column":30},"end":{"line":90,"column":null}}],"line":90}},"s":{"0":0,"1":0,"2":0,"3":0,"4":0,"5":0,"6":0,"7":0,"8":0,"9":0,"10":0,"11":0,"12":0,"13":0,"14":0,"15":0,"16":0,"17":0,"18":0,"19":0,"20":0,"21":0,"22":0,"23":0,"24":0,"25":0,"26":0,"27":0,"28":0,"29":0,"30":0,"31":0,"32":0,"33":0,"34":0,"35":0},"f":{"0":0,"1":0,"2":0,"3":0,"4":0},"b":{"0":[0,0],"1":[0,0],"2":[0,0],"3":[0,0],"4":[0,0],"5":[0,0,0],"6":[0,0],"7":[0,0],"8":[0,0],"9":[0,0],"10":[0,0],"11":[0,0],"12":[0,0],"13":[0,0],"14":[0,0],"15":[0,0]},"meta":{"lastBranch":16,"lastFunction":5,"lastStatement":36,"seen":{"f:17:16:17:57":0,"s:18:17:18:69":0,"s:19:22:19:55":1,"s:20:24:20:59":2,"s:21:8:21:41":3,"s:23:8:46:8":4,"f:23:40:23:70":1,"b:24:4:25:Infinity:undefined:undefined:undefined:undefined":0,"s:24:4:25:Infinity":5,"s:25:6:25:Infinity":6,"s:28:30:28:Infinity":7,"b:32:4:40:Infinity:undefined:undefined:undefined:undefined":1,"s:32:4:40:Infinity":8,"s:33:6:40:Infinity":9,"s:34:27:34:70":10,"s:35:24:35:Infinity":11,"s:36:8:36:Infinity":12,"s:37:8:37:Infinity":13,"s:39:8:39:Infinity":14,"s:40:8:40:Infinity":15,"s:44:4:44:Infinity":16,"s:45:4:45:Infinity":17,"s:48:2:99:Infinity":18,"f:48:2:48:18":2,"b:49:4:51:Infinity:undefined:undefined:undefined:undefined":2,"s:49:4:51:Infinity":19,"s:50:6:50:Infinity":20,"s:51:6:51:Infinity":21,"s:54:4:54:Infinity":22,"s:56:10:91:Infinity":23,"f:56:10:56:26":3,"s:57:18:57:28":24,"b:58:6:59:Infinity:undefined:undefined:undefined:undefined":3,"s:58:6:59:Infinity":25,"s:59:8:59:Infinity":26,"s:61:6:61:Infinity":27,"s:68:10:68:Infinity":28,"b:70:6:71:Infinity:undefined:undefined:undefined:undefined":4,"s:70:6:71:Infinity":29,"b:70:10:70:43:70:43:70:60:70:60:70:75":5,"s:71:8:71:Infinity":30,"s:74:6:91:Infinity":31,"b:76:13:76:32:76:32:76:Infinity":6,"b:77:13:77:32:77:32:77:Infinity":7,"b:78:13:78:32:78:32:78:Infinity":8,"b:81:13:81:48:81:48:81:Infinity":9,"b:82:13:82:48:82:48:82:Infinity":10,"b:83:13:83:48:83:48:83:Infinity":11,"b:86:17:86:40:86:40:86:Infinity":12,"b:87:16:87:38:87:38:87:Infinity":13,"b:88:17:88:40:88:40:88:Infinity":14,"b:90:18:90:30:90:30:90:Infinity":15,"s:94:4:94:Infinity":32,"s:96:4:97:Infinity":33,"f:96:4:96:17":4,"s:97:6:97:Infinity":34,"s:101:2:106:Infinity":35}}}
,"/home/lucas/develop/car-tracker/src/hooks/useGeolocation.ts": {"path":"/home/lucas/develop/car-tracker/src/hooks/useGeolocation.ts","statementMap":{"0":{"start":{"line":15,"column":2},"end":{"line":57,"column":null}},"1":{"start":{"line":16,"column":4},"end":{"line":16,"column":null}},"2":{"start":{"line":16,"column":42},"end":{"line":16,"column":null}},"3":{"start":{"line":18,"column":4},"end":{"line":39,"column":null}},"4":{"start":{"line":27,"column":6},"end":{"line":39,"column":null}},"5":{"start":{"line":28,"column":23},"end":{"line":36,"column":10}},"6":{"start":{"line":37,"column":8},"end":{"line":37,"column":null}},"7":{"start":{"line":37,"column":40},"end":{"line":37,"column":null}},"8":{"start":{"line":38,"column":8},"end":{"line":38,"column":null}},"9":{"start":{"line":38,"column":39},"end":{"line":38,"column":null}},"10":{"start":{"line":44,"column":4},"end":{"line":57,"column":null}},"11":{"start":{"line":45,"column":6},"end":{"line":47,"column":null}},"12":{"start":{"line":46,"column":8},"end":{"line":46,"column":null}},"13":{"start":{"line":47,"column":8},"end":{"line":47,"column":null}},"14":{"start":{"line":49,"column":6},"end":{"line":56,"column":null}},"15":{"start":{"line":50,"column":14},"end":{"line":50,"column":27}},"16":{"start":{"line":52,"column":10},"end":{"line":52,"column":null}},"17":{"start":{"line":53,"column":10},"end":{"line":53,"column":null}},"18":{"start":{"line":60,"column":2},"end":{"line":65,"column":null}},"19":{"start":{"line":61,"column":19},"end":{"line":61,"column":57}},"20":{"start":{"line":62,"column":4},"end":{"line":62,"column":null}},"21":{"start":{"line":64,"column":4},"end":{"line":64,"column":null}},"22":{"start":{"line":65,"column":4},"end":{"line":65,"column":null}},"23":{"start":{"line":97,"column":8},"end":{"line":97,"column":45}},"24":{"start":{"line":98,"column":19},"end":{"line":98,"column":68}},"25":{"start":{"line":99,"column":16},"end":{"line":99,"column":75}},"26":{"start":{"line":100,"column":21},"end":{"line":100,"column":53}},"27":{"start":{"line":101,"column":24},"end":{"line":101,"column":74}},"28":{"start":{"line":102,"column":18},"end":{"line":102,"column":67}},"29":{"start":{"line":103,"column":28},"end":{"line":104,"column":null}},"30":{"start":{"line":107,"column":8},"end":{"line":107,"column":58}},"31":{"start":{"line":112,"column":23},"end":{"line":113,"column":23}},"32":{"start":{"line":119,"column":12},"end":{"line":120,"column":58}},"33":{"start":{"line":122,"column":2},"end":{"line":151,"column":null}},"34":{"start":{"line":123,"column":4},"end":{"line":124,"column":null}},"35":{"start":{"line":124,"column":6},"end":{"line":124,"column":null}},"36":{"start":{"line":127,"column":59},"end":{"line":127,"column":null}},"37":{"start":{"line":129,"column":37},"end":{"line":129,"column":null}},"38":{"start":{"line":131,"column":4},"end":{"line":150,"column":null}},"39":{"start":{"line":153,"column":8},"end":{"line":278,"column":8}},"40":{"start":{"line":154,"column":4},"end":{"line":157,"column":null}},"41":{"start":{"line":158,"column":4},"end":{"line":216,"column":null}},"42":{"start":{"line":159,"column":6},"end":{"line":215,"column":null}},"43":{"start":{"line":160,"column":8},"end":{"line":160,"column":null}},"44":{"start":{"line":162,"column":8},"end":{"line":170,"column":null}},"45":{"start":{"line":163,"column":10},"end":{"line":169,"column":null}},"46":{"start":{"line":170,"column":10},"end":{"line":170,"column":null}},"47":{"start":{"line":173,"column":8},"end":{"line":174,"column":null}},"48":{"start":{"line":174,"column":10},"end":{"line":174,"column":null}},"49":{"start":{"line":177,"column":8},"end":{"line":213,"column":null}},"50":{"start":{"line":178,"column":31},"end":{"line":208,"column":null}},"51":{"start":{"line":185,"column":14},"end":{"line":187,"column":null}},"52":{"start":{"line":186,"column":16},"end":{"line":186,"column":null}},"53":{"start":{"line":187,"column":16},"end":{"line":187,"column":null}},"54":{"start":{"line":189,"column":14},"end":{"line":189,"column":null}},"55":{"start":{"line":189,"column":24},"end":{"line":189,"column":null}},"56":{"start":{"line":190,"column":42},"end":{"line":203,"column":null}},"57":{"start":{"line":204,"column":14},"end":{"line":204,"column":null}},"58":{"start":{"line":205,"column":14},"end":{"line":205,"column":null}},"59":{"start":{"line":206,"column":14},"end":{"line":206,"column":null}},"60":{"start":{"line":209,"column":10},"end":{"line":209,"column":null}},"61":{"start":{"line":210,"column":10},"end":{"line":210,"column":null}},"62":{"start":{"line":212,"column":10},"end":{"line":212,"column":null}},"63":{"start":{"line":213,"column":10},"end":{"line":213,"column":null}},"64":{"start":{"line":216,"column":6},"end":{"line":216,"column":null}},"65":{"start":{"line":219,"column":4},"end":{"line":227,"column":null}},"66":{"start":{"line":220,"column":6},"end":{"line":226,"column":null}},"67":{"start":{"line":227,"column":6},"end":{"line":227,"column":null}},"68":{"start":{"line":230,"column":4},"end":{"line":277,"column":null}},"69":{"start":{"line":231,"column":6},"end":{"line":231,"column":null}},"70":{"start":{"line":233,"column":6},"end":{"line":241,"column":null}},"71":{"start":{"line":234,"column":8},"end":{"line":240,"column":null}},"72":{"start":{"line":241,"column":8},"end":{"line":241,"column":null}},"73":{"start":{"line":244,"column":6},"end":{"line":245,"column":null}},"74":{"start":{"line":245,"column":8},"end":{"line":245,"column":null}},"75":{"start":{"line":248,"column":6},"end":{"line":274,"column":null}},"76":{"start":{"line":250,"column":38},"end":{"line":262,"column":null}},"77":{"start":{"line":263,"column":10},"end":{"line":263,"column":null}},"78":{"start":{"line":264,"column":10},"end":{"line":264,"column":null}},"79":{"start":{"line":267,"column":10},"end":{"line":267,"column":null}},"80":{"start":{"line":276,"column":6},"end":{"line":276,"column":null}},"81":{"start":{"line":280,"column":8},"end":{"line":292,"column":8}},"82":{"start":{"line":281,"column":4},"end":{"line":290,"column":null}},"83":{"start":{"line":282,"column":6},"end":{"line":287,"column":null}},"84":{"start":{"line":283,"column":8},"end":{"line":285,"column":null}},"85":{"start":{"line":287,"column":8},"end":{"line":287,"column":null}},"86":{"start":{"line":289,"column":6},"end":{"line":289,"column":null}},"87":{"start":{"line":290,"column":6},"end":{"line":290,"column":null}},"88":{"start":{"line":294,"column":8},"end":{"line":362,"column":null}},"89":{"start":{"line":296,"column":22},"end":{"line":296,"column":55}},"90":{"start":{"line":297,"column":6},"end":{"line":297,"column":null}},"91":{"start":{"line":299,"column":6},"end":{"line":300,"column":null}},"92":{"start":{"line":300,"column":8},"end":{"line":300,"column":null}},"93":{"start":{"line":303,"column":6},"end":{"line":328,"column":null}},"94":{"start":{"line":304,"column":8},"end":{"line":328,"column":null}},"95":{"start":{"line":305,"column":22},"end":{"line":309,"column":12}},"96":{"start":{"line":310,"column":38},"end":{"line":322,"column":null}},"97":{"start":{"line":323,"column":10},"end":{"line":323,"column":null}},"98":{"start":{"line":324,"column":10},"end":{"line":324,"column":null}},"99":{"start":{"line":326,"column":10},"end":{"line":326,"column":null}},"100":{"start":{"line":327,"column":10},"end":{"line":327,"column":null}},"101":{"start":{"line":328,"column":10},"end":{"line":328,"column":null}},"102":{"start":{"line":332,"column":6},"end":{"line":360,"column":null}},"103":{"start":{"line":333,"column":8},"end":{"line":335,"column":null}},"104":{"start":{"line":334,"column":10},"end":{"line":334,"column":null}},"105":{"start":{"line":335,"column":10},"end":{"line":335,"column":null}},"106":{"start":{"line":338,"column":8},"end":{"line":359,"column":null}},"107":{"start":{"line":340,"column":40},"end":{"line":346,"column":null}},"108":{"start":{"line":347,"column":12},"end":{"line":347,"column":null}},"109":{"start":{"line":348,"column":12},"end":{"line":348,"column":null}},"110":{"start":{"line":351,"column":12},"end":{"line":351,"column":null}},"111":{"start":{"line":352,"column":12},"end":{"line":352,"column":null}},"112":{"start":{"line":365,"column":2},"end":{"line":398,"column":null}},"113":{"start":{"line":366,"column":4},"end":{"line":366,"column":null}},"114":{"start":{"line":366,"column":38},"end":{"line":366,"column":null}},"115":{"start":{"line":375,"column":5},"end":{"line":397,"column":null}},"116":{"start":{"line":378,"column":8},"end":{"line":381,"column":null}},"117":{"start":{"line":383,"column":14},"end":{"line":387,"column":null}},"118":{"start":{"line":384,"column":10},"end":{"line":387,"column":null}},"119":{"start":{"line":390,"column":8},"end":{"line":390,"column":null}},"120":{"start":{"line":391,"column":8},"end":{"line":391,"column":null}},"121":{"start":{"line":393,"column":8},"end":{"line":395,"column":null}},"122":{"start":{"line":394,"column":10},"end":{"line":394,"column":null}},"123":{"start":{"line":395,"column":10},"end":{"line":395,"column":null}},"124":{"start":{"line":400,"column":2},"end":{"line":404,"column":null}},"125":{"start":{"line":401,"column":4},"end":{"line":402,"column":null}},"126":{"start":{"line":402,"column":6},"end":{"line":402,"column":null}},"127":{"start":{"line":406,"column":2},"end":{"line":442,"column":null}},"128":{"start":{"line":407,"column":10},"end":{"line":410,"column":null}},"129":{"start":{"line":408,"column":6},"end":{"line":410,"column":null}},"130":{"start":{"line":409,"column":8},"end":{"line":409,"column":null}},"131":{"start":{"line":410,"column":8},"end":{"line":410,"column":null}},"132":{"start":{"line":414,"column":4},"end":{"line":435,"column":null}},"133":{"start":{"line":415,"column":6},"end":{"line":435,"column":null}},"134":{"start":{"line":423,"column":10},"end":{"line":433,"column":null}},"135":{"start":{"line":429,"column":12},"end":{"line":430,"column":null}},"136":{"start":{"line":430,"column":14},"end":{"line":430,"column":null}},"137":{"start":{"line":435,"column":8},"end":{"line":435,"column":null}},"138":{"start":{"line":439,"column":4},"end":{"line":440,"column":null}},"139":{"start":{"line":440,"column":6},"end":{"line":440,"column":null}},"140":{"start":{"line":444,"column":2},"end":{"line":448,"column":null}},"141":{"start":{"line":445,"column":4},"end":{"line":445,"column":null}},"142":{"start":{"line":445,"column":26},"end":{"line":445,"column":null}},"143":{"start":{"line":447,"column":4},"end":{"line":447,"column":null}},"144":{"start":{"line":450,"column":2},"end":{"line":464,"column":null}}},"fnMap":{"0":{"name":"requestLocationPermission","decl":{"start":{"line":14,"column":15},"end":{"line":14,"column":61}},"loc":{"start":{"line":14,"column":61},"end":{"line":65,"column":null}},"line":14},"1":{"name":"(anonymous_1)","decl":{"start":{"line":44,"column":15},"end":{"line":44,"column":24}},"loc":{"start":{"line":44,"column":36},"end":{"line":57,"column":null}},"line":44},"2":{"name":"(anonymous_2)","decl":{"start":{"line":49,"column":28},"end":{"line":49,"column":null}},"loc":{"start":{"line":50,"column":14},"end":{"line":50,"column":27}},"line":50},"3":{"name":"(anonymous_3)","decl":{"start":{"line":50,"column":27},"end":{"line":50,"column":null}},"loc":{"start":{"line":51,"column":17},"end":{"line":55,"column":10}},"line":51},"4":{"name":"useGeolocation","decl":{"start":{"line":96,"column":16},"end":{"line":96,"column":55}},"loc":{"start":{"line":96,"column":55},"end":{"line":464,"column":null}},"line":96},"5":{"name":"(anonymous_5)","decl":{"start":{"line":122,"column":2},"end":{"line":122,"column":18}},"loc":{"start":{"line":122,"column":18},"end":{"line":151,"column":6}},"line":122},"6":{"name":"(anonymous_6)","decl":{"start":{"line":153,"column":24},"end":{"line":153,"column":37}},"loc":{"start":{"line":153,"column":70},"end":{"line":278,"column":7}},"line":153},"7":{"name":"(anonymous_7)","decl":{"start":{"line":159,"column":39},"end":{"line":159,"column":46}},"loc":{"start":{"line":159,"column":58},"end":{"line":215,"column":null}},"line":159},"8":{"name":"(anonymous_8)","decl":{"start":{"line":183,"column":13},"end":{"line":183,"column":null}},"loc":{"start":{"line":184,"column":26},"end":{"line":208,"column":null}},"line":184},"9":{"name":"(anonymous_9)","decl":{"start":{"line":230,"column":32},"end":{"line":230,"column":38}},"loc":{"start":{"line":230,"column":50},"end":{"line":277,"column":null}},"line":230},"10":{"name":"(anonymous_10)","decl":{"start":{"line":248,"column":46},"end":{"line":248,"column":null}},"loc":{"start":{"line":249,"column":17},"end":{"line":266,"column":17}},"line":249},"11":{"name":"(anonymous_11)","decl":{"start":{"line":266,"column":9},"end":{"line":266,"column":17}},"loc":{"start":{"line":266,"column":17},"end":{"line":269,"column":null}},"line":266},"12":{"name":"(anonymous_12)","decl":{"start":{"line":280,"column":23},"end":{"line":280,"column":41}},"loc":{"start":{"line":280,"column":41},"end":{"line":292,"column":7}},"line":280},"13":{"name":"(anonymous_13)","decl":{"start":{"line":285,"column":11},"end":{"line":285,"column":23}},"loc":{"start":{"line":285,"column":23},"end":{"line":285,"column":26}},"line":285},"14":{"name":"(anonymous_14)","decl":{"start":{"line":295,"column":4},"end":{"line":295,"column":11}},"loc":{"start":{"line":295,"column":73},"end":{"line":362,"column":6}},"line":295},"15":{"name":"(anonymous_15)","decl":{"start":{"line":332,"column":17},"end":{"line":332,"column":26}},"loc":{"start":{"line":332,"column":38},"end":{"line":360,"column":null}},"line":332},"16":{"name":"(anonymous_16)","decl":{"start":{"line":338,"column":30},"end":{"line":338,"column":null}},"loc":{"start":{"line":339,"column":19},"end":{"line":350,"column":19}},"line":339},"17":{"name":"(anonymous_17)","decl":{"start":{"line":350,"column":11},"end":{"line":350,"column":19}},"loc":{"start":{"line":350,"column":19},"end":{"line":354,"column":null}},"line":350},"18":{"name":"(anonymous_18)","decl":{"start":{"line":365,"column":2},"end":{"line":365,"column":18}},"loc":{"start":{"line":365,"column":18},"end":{"line":398,"column":7}},"line":365},"19":{"name":"(anonymous_19)","decl":{"start":{"line":377,"column":7},"end":{"line":377,"column":13}},"loc":{"start":{"line":377,"column":21},"end":{"line":397,"column":null}},"line":377},"20":{"name":"(anonymous_20)","decl":{"start":{"line":383,"column":14},"end":{"line":383,"column":36}},"loc":{"start":{"line":383,"column":36},"end":{"line":387,"column":null}},"line":383},"21":{"name":"(anonymous_21)","decl":{"start":{"line":393,"column":8},"end":{"line":393,"column":21}},"loc":{"start":{"line":393,"column":21},"end":{"line":395,"column":null}},"line":393},"22":{"name":"(anonymous_22)","decl":{"start":{"line":400,"column":2},"end":{"line":400,"column":18}},"loc":{"start":{"line":400,"column":18},"end":{"line":404,"column":6}},"line":400},"23":{"name":"(anonymous_23)","decl":{"start":{"line":401,"column":4},"end":{"line":401,"column":17}},"loc":{"start":{"line":401,"column":17},"end":{"line":402,"column":null}},"line":401},"24":{"name":"(anonymous_24)","decl":{"start":{"line":406,"column":2},"end":{"line":406,"column":18}},"loc":{"start":{"line":406,"column":18},"end":{"line":442,"column":7}},"line":406},"25":{"name":"(anonymous_25)","decl":{"start":{"line":407,"column":10},"end":{"line":407,"column":31}},"loc":{"start":{"line":407,"column":65},"end":{"line":410,"column":null}},"line":407},"26":{"name":"(anonymous_26)","decl":{"start":{"line":428,"column":11},"end":{"line":428,"column":17}},"loc":{"start":{"line":428,"column":32},"end":{"line":432,"column":null}},"line":428},"27":{"name":"(anonymous_27)","decl":{"start":{"line":439,"column":4},"end":{"line":439,"column":17}},"loc":{"start":{"line":439,"column":17},"end":{"line":440,"column":null}},"line":439},"28":{"name":"(anonymous_28)","decl":{"start":{"line":444,"column":2},"end":{"line":444,"column":18}},"loc":{"start":{"line":444,"column":18},"end":{"line":448,"column":6}},"line":444}},"branchMap":{"0":{"loc":{"start":{"line":15,"column":2},"end":{"line":57,"column":null}},"type":"if","locations":[{"start":{"line":15,"column":2},"end":{"line":57,"column":null}},{"start":{},"end":{}}],"line":15},"1":{"loc":{"start":{"line":16,"column":4},"end":{"line":16,"column":null}},"type":"if","locations":[{"start":{"line":16,"column":4},"end":{"line":16,"column":null}},{"start":{},"end":{}}],"line":16},"2":{"loc":{"start":{"line":18,"column":4},"end":{"line":39,"column":null}},"type":"if","locations":[{"start":{"line":18,"column":4},"end":{"line":39,"column":null}},{"start":{},"end":{}}],"line":18},"3":{"loc":{"start":{"line":37,"column":8},"end":{"line":37,"column":null}},"type":"if","locations":[{"start":{"line":37,"column":8},"end":{"line":37,"column":null}},{"start":{},"end":{}}],"line":37},"4":{"loc":{"start":{"line":38,"column":8},"end":{"line":38,"column":null}},"type":"if","locations":[{"start":{"line":38,"column":8},"end":{"line":38,"column":null}},{"start":{},"end":{}}],"line":38},"5":{"loc":{"start":{"line":45,"column":6},"end":{"line":47,"column":null}},"type":"if","locations":[{"start":{"line":45,"column":6},"end":{"line":47,"column":null}},{"start":{},"end":{}}],"line":45},"6":{"loc":{"start":{"line":123,"column":4},"end":{"line":124,"column":null}},"type":"if","locations":[{"start":{"line":123,"column":4},"end":{"line":124,"column":null}},{"start":{},"end":{}}],"line":123},"7":{"loc":{"start":{"line":143,"column":8},"end":{"line":149,"column":null}},"type":"cond-expr","locations":[{"start":{"line":144,"column":12},"end":{"line":148,"column":null}},{"start":{"line":149,"column":12},"end":{"line":149,"column":null}}],"line":143},"8":{"loc":{"start":{"line":158,"column":4},"end":{"line":216,"column":null}},"type":"if","locations":[{"start":{"line":158,"column":4},"end":{"line":216,"column":null}},{"start":{},"end":{}}],"line":158},"9":{"loc":{"start":{"line":162,"column":8},"end":{"line":170,"column":null}},"type":"if","locations":[{"start":{"line":162,"column":8},"end":{"line":170,"column":null}},{"start":{},"end":{}}],"line":162},"10":{"loc":{"start":{"line":173,"column":8},"end":{"line":174,"column":null}},"type":"if","locations":[{"start":{"line":173,"column":8},"end":{"line":174,"column":null}},{"start":{},"end":{}}],"line":173},"11":{"loc":{"start":{"line":180,"column":34},"end":{"line":180,"column":null}},"type":"binary-expr","locations":[{"start":{"line":180,"column":34},"end":{"line":180,"column":65}},{"start":{"line":180,"column":65},"end":{"line":180,"column":null}}],"line":180},"12":{"loc":{"start":{"line":181,"column":26},"end":{"line":181,"column":null}},"type":"binary-expr","locations":[{"start":{"line":181,"column":26},"end":{"line":181,"column":49}},{"start":{"line":181,"column":49},"end":{"line":181,"column":null}}],"line":181},"13":{"loc":{"start":{"line":182,"column":23},"end":{"line":182,"column":null}},"type":"binary-expr","locations":[{"start":{"line":182,"column":23},"end":{"line":182,"column":43}},{"start":{"line":182,"column":43},"end":{"line":182,"column":null}}],"line":182},"14":{"loc":{"start":{"line":185,"column":14},"end":{"line":187,"column":null}},"type":"if","locations":[{"start":{"line":185,"column":14},"end":{"line":187,"column":null}},{"start":{},"end":{}}],"line":185},"15":{"loc":{"start":{"line":189,"column":14},"end":{"line":189,"column":null}},"type":"if","locations":[{"start":{"line":189,"column":14},"end":{"line":189,"column":null}},{"start":{},"end":{}}],"line":189},"16":{"loc":{"start":{"line":194,"column":26},"end":{"line":194,"column":null}},"type":"binary-expr","locations":[{"start":{"line":194,"column":26},"end":{"line":194,"column":49}},{"start":{"line":194,"column":49},"end":{"line":194,"column":null}}],"line":194},"17":{"loc":{"start":{"line":195,"column":23},"end":{"line":195,"column":null}},"type":"binary-expr","locations":[{"start":{"line":195,"column":23},"end":{"line":195,"column":43}},{"start":{"line":195,"column":43},"end":{"line":195,"column":null}}],"line":195},"18":{"loc":{"start":{"line":197,"column":18},"end":{"line":200,"column":null}},"type":"cond-expr","locations":[{"start":{"line":199,"column":22},"end":{"line":199,"column":null}},{"start":{"line":200,"column":22},"end":{"line":200,"column":null}}],"line":197},"19":{"loc":{"start":{"line":197,"column":18},"end":{"line":198,"column":51}},"type":"binary-expr","locations":[{"start":{"line":197,"column":18},"end":{"line":197,"column":null}},{"start":{"line":198,"column":18},"end":{"line":198,"column":51}}],"line":197},"20":{"loc":{"start":{"line":201,"column":26},"end":{"line":201,"column":null}},"type":"binary-expr","locations":[{"start":{"line":201,"column":26},"end":{"line":201,"column":49}},{"start":{"line":201,"column":49},"end":{"line":201,"column":null}}],"line":201},"21":{"loc":{"start":{"line":202,"column":34},"end":{"line":202,"column":null}},"type":"binary-expr","locations":[{"start":{"line":202,"column":34},"end":{"line":202,"column":65}},{"start":{"line":202,"column":65},"end":{"line":202,"column":null}}],"line":202},"22":{"loc":{"start":{"line":219,"column":4},"end":{"line":227,"column":null}},"type":"if","locations":[{"start":{"line":219,"column":4},"end":{"line":227,"column":null}},{"start":{},"end":{}}],"line":219},"23":{"loc":{"start":{"line":233,"column":6},"end":{"line":241,"column":null}},"type":"if","locations":[{"start":{"line":233,"column":6},"end":{"line":241,"column":null}},{"start":{},"end":{}}],"line":233},"24":{"loc":{"start":{"line":244,"column":6},"end":{"line":245,"column":null}},"type":"if","locations":[{"start":{"line":244,"column":6},"end":{"line":245,"column":null}},{"start":{},"end":{}}],"line":244},"25":{"loc":{"start":{"line":254,"column":22},"end":{"line":254,"column":null}},"type":"binary-expr","locations":[{"start":{"line":254,"column":22},"end":{"line":254,"column":45}},{"start":{"line":254,"column":45},"end":{"line":254,"column":null}}],"line":254},"26":{"loc":{"start":{"line":255,"column":19},"end":{"line":255,"column":null}},"type":"binary-expr","locations":[{"start":{"line":255,"column":19},"end":{"line":255,"column":39}},{"start":{"line":255,"column":39},"end":{"line":255,"column":null}}],"line":255},"27":{"loc":{"start":{"line":257,"column":14},"end":{"line":259,"column":null}},"type":"cond-expr","locations":[{"start":{"line":258,"column":18},"end":{"line":258,"column":null}},{"start":{"line":259,"column":18},"end":{"line":259,"column":null}}],"line":257},"28":{"loc":{"start":{"line":257,"column":14},"end":{"line":257,"column":78}},"type":"binary-expr","locations":[{"start":{"line":257,"column":14},"end":{"line":257,"column":45}},{"start":{"line":257,"column":45},"end":{"line":257,"column":78}}],"line":257},"29":{"loc":{"start":{"line":260,"column":22},"end":{"line":260,"column":null}},"type":"binary-expr","locations":[{"start":{"line":260,"column":22},"end":{"line":260,"column":45}},{"start":{"line":260,"column":45},"end":{"line":260,"column":null}}],"line":260},"30":{"loc":{"start":{"line":261,"column":30},"end":{"line":261,"column":null}},"type":"binary-expr","locations":[{"start":{"line":261,"column":30},"end":{"line":261,"column":61}},{"start":{"line":261,"column":61},"end":{"line":261,"column":null}}],"line":261},"31":{"loc":{"start":{"line":270,"column":30},"end":{"line":270,"column":null}},"type":"binary-expr","locations":[{"start":{"line":270,"column":30},"end":{"line":270,"column":61}},{"start":{"line":270,"column":61},"end":{"line":270,"column":null}}],"line":270},"32":{"loc":{"start":{"line":271,"column":22},"end":{"line":271,"column":null}},"type":"binary-expr","locations":[{"start":{"line":271,"column":22},"end":{"line":271,"column":45}},{"start":{"line":271,"column":45},"end":{"line":271,"column":null}}],"line":271},"33":{"loc":{"start":{"line":272,"column":19},"end":{"line":272,"column":null}},"type":"binary-expr","locations":[{"start":{"line":272,"column":19},"end":{"line":272,"column":39}},{"start":{"line":272,"column":39},"end":{"line":272,"column":null}}],"line":272},"34":{"loc":{"start":{"line":281,"column":4},"end":{"line":290,"column":null}},"type":"if","locations":[{"start":{"line":281,"column":4},"end":{"line":290,"column":null}},{"start":{},"end":{}}],"line":281},"35":{"loc":{"start":{"line":282,"column":6},"end":{"line":287,"column":null}},"type":"if","locations":[{"start":{"line":282,"column":6},"end":{"line":287,"column":null}},{"start":{"line":286,"column":13},"end":{"line":287,"column":null}}],"line":282},"36":{"loc":{"start":{"line":299,"column":6},"end":{"line":300,"column":null}},"type":"if","locations":[{"start":{"line":299,"column":6},"end":{"line":300,"column":null}},{"start":{},"end":{}}],"line":299},"37":{"loc":{"start":{"line":303,"column":6},"end":{"line":328,"column":null}},"type":"if","locations":[{"start":{"line":303,"column":6},"end":{"line":328,"column":null}},{"start":{},"end":{}}],"line":303},"38":{"loc":{"start":{"line":306,"column":32},"end":{"line":306,"column":null}},"type":"binary-expr","locations":[{"start":{"line":306,"column":32},"end":{"line":306,"column":63}},{"start":{"line":306,"column":63},"end":{"line":306,"column":null}}],"line":306},"39":{"loc":{"start":{"line":307,"column":24},"end":{"line":307,"column":null}},"type":"binary-expr","locations":[{"start":{"line":307,"column":24},"end":{"line":307,"column":47}},{"start":{"line":307,"column":47},"end":{"line":307,"column":null}}],"line":307},"40":{"loc":{"start":{"line":308,"column":21},"end":{"line":308,"column":null}},"type":"binary-expr","locations":[{"start":{"line":308,"column":21},"end":{"line":308,"column":41}},{"start":{"line":308,"column":41},"end":{"line":308,"column":null}}],"line":308},"41":{"loc":{"start":{"line":314,"column":22},"end":{"line":314,"column":null}},"type":"binary-expr","locations":[{"start":{"line":314,"column":22},"end":{"line":314,"column":45}},{"start":{"line":314,"column":45},"end":{"line":314,"column":null}}],"line":314},"42":{"loc":{"start":{"line":315,"column":19},"end":{"line":315,"column":null}},"type":"binary-expr","locations":[{"start":{"line":315,"column":19},"end":{"line":315,"column":39}},{"start":{"line":315,"column":39},"end":{"line":315,"column":null}}],"line":315},"43":{"loc":{"start":{"line":317,"column":14},"end":{"line":319,"column":null}},"type":"cond-expr","locations":[{"start":{"line":318,"column":18},"end":{"line":318,"column":null}},{"start":{"line":319,"column":18},"end":{"line":319,"column":null}}],"line":317},"44":{"loc":{"start":{"line":317,"column":14},"end":{"line":317,"column":78}},"type":"binary-expr","locations":[{"start":{"line":317,"column":14},"end":{"line":317,"column":45}},{"start":{"line":317,"column":45},"end":{"line":317,"column":78}}],"line":317},"45":{"loc":{"start":{"line":320,"column":22},"end":{"line":320,"column":null}},"type":"binary-expr","locations":[{"start":{"line":320,"column":22},"end":{"line":320,"column":45}},{"start":{"line":320,"column":45},"end":{"line":320,"column":null}}],"line":320},"46":{"loc":{"start":{"line":321,"column":30},"end":{"line":321,"column":null}},"type":"binary-expr","locations":[{"start":{"line":321,"column":30},"end":{"line":321,"column":61}},{"start":{"line":321,"column":61},"end":{"line":321,"column":null}}],"line":321},"47":{"loc":{"start":{"line":333,"column":8},"end":{"line":335,"column":null}},"type":"if","locations":[{"start":{"line":333,"column":8},"end":{"line":335,"column":null}},{"start":{},"end":{}}],"line":333},"48":{"loc":{"start":{"line":344,"column":24},"end":{"line":344,"column":null}},"type":"binary-expr","locations":[{"start":{"line":344,"column":24},"end":{"line":344,"column":47}},{"start":{"line":344,"column":47},"end":{"line":344,"column":null}}],"line":344},"49":{"loc":{"start":{"line":345,"column":21},"end":{"line":345,"column":null}},"type":"binary-expr","locations":[{"start":{"line":345,"column":21},"end":{"line":345,"column":41}},{"start":{"line":345,"column":41},"end":{"line":345,"column":null}}],"line":345},"50":{"loc":{"start":{"line":355,"column":32},"end":{"line":355,"column":null}},"type":"binary-expr","locations":[{"start":{"line":355,"column":32},"end":{"line":355,"column":63}},{"start":{"line":355,"column":63},"end":{"line":355,"column":null}}],"line":355},"51":{"loc":{"start":{"line":356,"column":24},"end":{"line":356,"column":null}},"type":"binary-expr","locations":[{"start":{"line":356,"column":24},"end":{"line":356,"column":47}},{"start":{"line":356,"column":47},"end":{"line":356,"column":null}}],"line":356},"52":{"loc":{"start":{"line":357,"column":21},"end":{"line":357,"column":null}},"type":"binary-expr","locations":[{"start":{"line":357,"column":21},"end":{"line":357,"column":41}},{"start":{"line":357,"column":41},"end":{"line":357,"column":null}}],"line":357},"53":{"loc":{"start":{"line":366,"column":4},"end":{"line":366,"column":null}},"type":"if","locations":[{"start":{"line":366,"column":4},"end":{"line":366,"column":null}},{"start":{},"end":{}}],"line":366},"54":{"loc":{"start":{"line":408,"column":6},"end":{"line":410,"column":null}},"type":"if","locations":[{"start":{"line":408,"column":6},"end":{"line":410,"column":null}},{"start":{},"end":{}}],"line":408},"55":{"loc":{"start":{"line":414,"column":4},"end":{"line":435,"column":null}},"type":"if","locations":[{"start":{"line":414,"column":4},"end":{"line":435,"column":null}},{"start":{},"end":{}}],"line":414},"56":{"loc":{"start":{"line":415,"column":6},"end":{"line":435,"column":null}},"type":"if","locations":[{"start":{"line":415,"column":6},"end":{"line":435,"column":null}},{"start":{"line":434,"column":13},"end":{"line":435,"column":null}}],"line":415},"57":{"loc":{"start":{"line":429,"column":12},"end":{"line":430,"column":null}},"type":"if","locations":[{"start":{"line":429,"column":12},"end":{"line":430,"column":null}},{"start":{},"end":{}}],"line":429},"58":{"loc":{"start":{"line":445,"column":4},"end":{"line":445,"column":null}},"type":"if","locations":[{"start":{"line":445,"column":4},"end":{"line":445,"column":null}},{"start":{},"end":{}}],"line":445}},"s":{"0":0,"1":0,"2":0,"3":0,"4":0,"5":0,"6":0,"7":0,"8":0,"9":0,"10":0,"11":0,"12":0,"13":0,"14":0,"15":0,"16":0,"17":0,"18":0,"19":0,"20":0,"21":0,"22":0,"23":0,"24":0,"25":0,"26":0,"27":0,"28":0,"29":0,"30":0,"31":0,"32":0,"33":0,"34":0,"35":0,"36":0,"37":0,"38":0,"39":0,"40":0,"41":0,"42":0,"43":0,"44":0,"45":0,"46":0,"47":0,"48":0,"49":0,"50":0,"51":0,"52":0,"53":0,"54":0,"55":0,"56":0,"57":0,"58":0,"59":0,"60":0,"61":0,"62":0,"63":0,"64":0,"65":0,"66":0,"67":0,"68":0,"69":0,"70":0,"71":0,"72":0,"73":0,"74":0,"75":0,"76":0,"77":0,"78":0,"79":0,"80":0,"81":0,"82":0,"83":0,"84":0,"85":0,"86":0,"87":0,"88":0,"89":0,"90":0,"91":0,"92":0,"93":0,"94":0,"95":0,"96":0,"97":0,"98":0,"99":0,"100":0,"101":0,"102":0,"103":0,"104":0,"105":0,"106":0,"107":0,"108":0,"109":0,"110":0,"111":0,"112":0,"113":0,"114":0,"115":0,"116":0,"117":0,"118":0,"119":0,"120":0,"121":0,"122":0,"123":0,"124":0,"125":0,"126":0,"127":0,"128":0,"129":0,"130":0,"131":0,"132":0,"133":0,"134":0,"135":0,"136":0,"137":0,"138":0,"139":0,"140":0,"141":0,"142":0,"143":0,"144":0},"f":{"0":0,"1":0,"2":0,"3":0,"4":0,"5":0,"6":0,"7":0,"8":0,"9":0,"10":0,"11":0,"12":0,"13":0,"14":0,"15":0,"16":0,"17":0,"18":0,"19":0,"20":0,"21":0,"22":0,"23":0,"24":0,"25":0,"26":0,"27":0,"28":0},"b":{"0":[0,0],"1":[0,0],"2":[0,0],"3":[0,0],"4":[0,0],"5":[0,0],"6":[0,0],"7":[0,0],"8":[0,0],"9":[0,0],"10":[0,0],"11":[0,0],"12":[0,0],"13":[0,0],"14":[0,0],"15":[0,0],"16":[0,0],"17":[0,0],"18":[0,0],"19":[0,0],"20":[0,0],"21":[0,0],"22":[0,0],"23":[0,0],"24":[0,0],"25":[0,0],"26":[0,0],"27":[0,0],"28":[0,0],"29":[0,0],"30":[0,0],"31":[0,0],"32":[0,0],"33":[0,0],"34":[0,0],"35":[0,0],"36":[0,0],"37":[0,0],"38":[0,0],"39":[0,0],"40":[0,0],"41":[0,0],"42":[0,0],"43":[0,0],"44":[0,0],"45":[0,0],"46":[0,0],"47":[0,0],"48":[0,0],"49":[0,0],"50":[0,0],"51":[0,0],"52":[0,0],"53":[0,0],"54":[0,0],"55":[0,0],"56":[0,0],"57":[0,0],"58":[0,0]},"meta":{"lastBranch":59,"lastFunction":29,"lastStatement":145,"seen":{"f:14:15:14:61":0,"b:15:2:57:Infinity:undefined:undefined:undefined:undefined":0,"s:15:2:57:Infinity":0,"b:16:4:16:Infinity:undefined:undefined:undefined:undefined":1,"s:16:4:16:Infinity":1,"s:16:42:16:Infinity":2,"b:18:4:39:Infinity:undefined:undefined:undefined:undefined":2,"s:18:4:39:Infinity":3,"s:27:6:39:Infinity":4,"s:28:23:36:10":5,"b:37:8:37:Infinity:undefined:undefined:undefined:undefined":3,"s:37:8:37:Infinity":6,"s:37:40:37:Infinity":7,"b:38:8:38:Infinity:undefined:undefined:undefined:undefined":4,"s:38:8:38:Infinity":8,"s:38:39:38:Infinity":9,"s:44:4:57:Infinity":10,"f:44:15:44:24":1,"b:45:6:47:Infinity:undefined:undefined:undefined:undefined":5,"s:45:6:47:Infinity":11,"s:46:8:46:Infinity":12,"s:47:8:47:Infinity":13,"s:49:6:56:Infinity":14,"f:49:28:49:Infinity":2,"s:50:14:50:27":15,"f:50:27:50:Infinity":3,"s:52:10:52:Infinity":16,"s:53:10:53:Infinity":17,"s:60:2:65:Infinity":18,"s:61:19:61:57":19,"s:62:4:62:Infinity":20,"s:64:4:64:Infinity":21,"s:65:4:65:Infinity":22,"f:96:16:96:55":4,"s:97:8:97:45":23,"s:98:19:98:68":24,"s:99:16:99:75":25,"s:100:21:100:53":26,"s:101:24:101:74":27,"s:102:18:102:67":28,"s:103:28:104:Infinity":29,"s:107:8:107:58":30,"s:112:23:113:23":31,"s:119:12:120:58":32,"s:122:2:151:Infinity":33,"f:122:2:122:18":5,"b:123:4:124:Infinity:undefined:undefined:undefined:undefined":6,"s:123:4:124:Infinity":34,"s:124:6:124:Infinity":35,"s:127:59:127:Infinity":36,"s:129:37:129:Infinity":37,"s:131:4:150:Infinity":38,"b:144:12:148:Infinity:149:12:149:Infinity":7,"s:153:8:278:8":39,"f:153:24:153:37":6,"s:154:4:157:Infinity":40,"b:158:4:216:Infinity:undefined:undefined:undefined:undefined":8,"s:158:4:216:Infinity":41,"s:159:6:215:Infinity":42,"f:159:39:159:46":7,"s:160:8:160:Infinity":43,"b:162:8:170:Infinity:undefined:undefined:undefined:undefined":9,"s:162:8:170:Infinity":44,"s:163:10:169:Infinity":45,"s:170:10:170:Infinity":46,"b:173:8:174:Infinity:undefined:undefined:undefined:undefined":10,"s:173:8:174:Infinity":47,"s:174:10:174:Infinity":48,"s:177:8:213:Infinity":49,"s:178:31:208:Infinity":50,"b:180:34:180:65:180:65:180:Infinity":11,"b:181:26:181:49:181:49:181:Infinity":12,"b:182:23:182:43:182:43:182:Infinity":13,"f:183:13:183:Infinity":8,"b:185:14:187:Infinity:undefined:undefined:undefined:undefined":14,"s:185:14:187:Infinity":51,"s:186:16:186:Infinity":52,"s:187:16:187:Infinity":53,"b:189:14:189:Infinity:undefined:undefined:undefined:undefined":15,"s:189:14:189:Infinity":54,"s:189:24:189:Infinity":55,"s:190:42:203:Infinity":56,"b:194:26:194:49:194:49:194:Infinity":16,"b:195:23:195:43:195:43:195:Infinity":17,"b:199:22:199:Infinity:200:22:200:Infinity":18,"b:197:18:197:Infinity:198:18:198:51":19,"b:201:26:201:49:201:49:201:Infinity":20,"b:202:34:202:65:202:65:202:Infinity":21,"s:204:14:204:Infinity":57,"s:205:14:205:Infinity":58,"s:206:14:206:Infinity":59,"s:209:10:209:Infinity":60,"s:210:10:210:Infinity":61,"s:212:10:212:Infinity":62,"s:213:10:213:Infinity":63,"s:216:6:216:Infinity":64,"b:219:4:227:Infinity:undefined:undefined:undefined:undefined":22,"s:219:4:227:Infinity":65,"s:220:6:226:Infinity":66,"s:227:6:227:Infinity":67,"s:230:4:277:Infinity":68,"f:230:32:230:38":9,"s:231:6:231:Infinity":69,"b:233:6:241:Infinity:undefined:undefined:undefined:undefined":23,"s:233:6:241:Infinity":70,"s:234:8:240:Infinity":71,"s:241:8:241:Infinity":72,"b:244:6:245:Infinity:undefined:undefined:undefined:undefined":24,"s:244:6:245:Infinity":73,"s:245:8:245:Infinity":74,"s:248:6:274:Infinity":75,"f:248:46:248:Infinity":10,"s:250:38:262:Infinity":76,"b:254:22:254:45:254:45:254:Infinity":25,"b:255:19:255:39:255:39:255:Infinity":26,"b:258:18:258:Infinity:259:18:259:Infinity":27,"b:257:14:257:45:257:45:257:78":28,"b:260:22:260:45:260:45:260:Infinity":29,"b:261:30:261:61:261:61:261:Infinity":30,"s:263:10:263:Infinity":77,"s:264:10:264:Infinity":78,"f:266:9:266:17":11,"s:267:10:267:Infinity":79,"b:270:30:270:61:270:61:270:Infinity":31,"b:271:22:271:45:271:45:271:Infinity":32,"b:272:19:272:39:272:39:272:Infinity":33,"s:276:6:276:Infinity":80,"s:280:8:292:8":81,"f:280:23:280:41":12,"b:281:4:290:Infinity:undefined:undefined:undefined:undefined":34,"s:281:4:290:Infinity":82,"b:282:6:287:Infinity:286:13:287:Infinity":35,"s:282:6:287:Infinity":83,"s:283:8:285:Infinity":84,"f:285:11:285:23":13,"s:287:8:287:Infinity":85,"s:289:6:289:Infinity":86,"s:290:6:290:Infinity":87,"s:294:8:362:Infinity":88,"f:295:4:295:11":14,"s:296:22:296:55":89,"s:297:6:297:Infinity":90,"b:299:6:300:Infinity:undefined:undefined:undefined:undefined":36,"s:299:6:300:Infinity":91,"s:300:8:300:Infinity":92,"b:303:6:328:Infinity:undefined:undefined:undefined:undefined":37,"s:303:6:328:Infinity":93,"s:304:8:328:Infinity":94,"s:305:22:309:12":95,"b:306:32:306:63:306:63:306:Infinity":38,"b:307:24:307:47:307:47:307:Infinity":39,"b:308:21:308:41:308:41:308:Infinity":40,"s:310:38:322:Infinity":96,"b:314:22:314:45:314:45:314:Infinity":41,"b:315:19:315:39:315:39:315:Infinity":42,"b:318:18:318:Infinity:319:18:319:Infinity":43,"b:317:14:317:45:317:45:317:78":44,"b:320:22:320:45:320:45:320:Infinity":45,"b:321:30:321:61:321:61:321:Infinity":46,"s:323:10:323:Infinity":97,"s:324:10:324:Infinity":98,"s:326:10:326:Infinity":99,"s:327:10:327:Infinity":100,"s:328:10:328:Infinity":101,"s:332:6:360:Infinity":102,"f:332:17:332:26":15,"b:333:8:335:Infinity:undefined:undefined:undefined:undefined":47,"s:333:8:335:Infinity":103,"s:334:10:334:Infinity":104,"s:335:10:335:Infinity":105,"s:338:8:359:Infinity":106,"f:338:30:338:Infinity":16,"s:340:40:346:Infinity":107,"b:344:24:344:47:344:47:344:Infinity":48,"b:345:21:345:41:345:41:345:Infinity":49,"s:347:12:347:Infinity":108,"s:348:12:348:Infinity":109,"f:350:11:350:19":17,"s:351:12:351:Infinity":110,"s:352:12:352:Infinity":111,"b:355:32:355:63:355:63:355:Infinity":50,"b:356:24:356:47:356:47:356:Infinity":51,"b:357:21:357:41:357:41:357:Infinity":52,"s:365:2:398:Infinity":112,"f:365:2:365:18":18,"b:366:4:366:Infinity:undefined:undefined:undefined:undefined":53,"s:366:4:366:Infinity":113,"s:366:38:366:Infinity":114,"s:375:5:397:Infinity":115,"f:377:7:377:13":19,"s:378:8:381:Infinity":116,"s:383:14:387:Infinity":117,"f:383:14:383:36":20,"s:384:10:387:Infinity":118,"s:390:8:390:Infinity":119,"s:391:8:391:Infinity":120,"s:393:8:395:Infinity":121,"f:393:8:393:21":21,"s:394:10:394:Infinity":122,"s:395:10:395:Infinity":123,"s:400:2:404:Infinity":124,"f:400:2:400:18":22,"s:401:4:402:Infinity":125,"f:401:4:401:17":23,"s:402:6:402:Infinity":126,"s:406:2:442:Infinity":127,"f:406:2:406:18":24,"s:407:10:410:Infinity":128,"f:407:10:407:31":25,"b:408:6:410:Infinity:undefined:undefined:undefined:undefined":54,"s:408:6:410:Infinity":129,"s:409:8:409:Infinity":130,"s:410:8:410:Infinity":131,"b:414:4:435:Infinity:undefined:undefined:undefined:undefined":55,"s:414:4:435:Infinity":132,"b:415:6:435:Infinity:434:13:435:Infinity":56,"s:415:6:435:Infinity":133,"s:423:10:433:Infinity":134,"f:428:11:428:17":26,"b:429:12:430:Infinity:undefined:undefined:undefined:undefined":57,"s:429:12:430:Infinity":135,"s:430:14:430:Infinity":136,"s:435:8:435:Infinity":137,"s:439:4:440:Infinity":138,"f:439:4:439:17":27,"s:440:6:440:Infinity":139,"s:444:2:448:Infinity":140,"f:444:2:444:18":28,"b:445:4:445:Infinity:undefined:undefined:undefined:undefined":58,"s:445:4:445:Infinity":141,"s:445:26:445:Infinity":142,"s:447:4:447:Infinity":143,"s:450:2:464:Infinity":144}}}
,"/home/lucas/develop/car-tracker/src/hooks/useInclination.ts": {"path":"/home/lucas/develop/car-tracker/src/hooks/useInclination.ts","statementMap":{"0":{"start":{"line":4,"column":32},"end":{"line":4,"column":null}},"1":{"start":{"line":32,"column":16},"end":{"line":32,"column":null}},"2":{"start":{"line":33,"column":16},"end":{"line":33,"column":null}},"3":{"start":{"line":34,"column":14},"end":{"line":34,"column":null}},"4":{"start":{"line":35,"column":14},"end":{"line":35,"column":null}},"5":{"start":{"line":36,"column":21},"end":{"line":36,"column":null}},"6":{"start":{"line":37,"column":19},"end":{"line":37,"column":null}},"7":{"start":{"line":38,"column":28},"end":{"line":38,"column":null}},"8":{"start":{"line":41,"column":2},"end":{"line":46,"column":null}},"9":{"start":{"line":42,"column":16},"end":{"line":42,"column":61}},"10":{"start":{"line":43,"column":4},"end":{"line":43,"column":null}},"11":{"start":{"line":43,"column":14},"end":{"line":43,"column":null}},"12":{"start":{"line":44,"column":4},"end":{"line":44,"column":null}},"13":{"start":{"line":46,"column":4},"end":{"line":46,"column":null}},"14":{"start":{"line":51,"column":2},"end":{"line":51,"column":null}},"15":{"start":{"line":55,"column":2},"end":{"line":55,"column":null}},"16":{"start":{"line":61,"column":29},"end":{"line":61,"column":null}},"17":{"start":{"line":63,"column":8},"end":{"line":63,"column":60}},"18":{"start":{"line":64,"column":8},"end":{"line":64,"column":58}},"19":{"start":{"line":65,"column":8},"end":{"line":65,"column":48}},"20":{"start":{"line":66,"column":8},"end":{"line":66,"column":48}},"21":{"start":{"line":68,"column":8},"end":{"line":68,"column":38}},"22":{"start":{"line":69,"column":8},"end":{"line":69,"column":52}},"23":{"start":{"line":70,"column":8},"end":{"line":70,"column":53}},"24":{"start":{"line":72,"column":23},"end":{"line":72,"column":53}},"25":{"start":{"line":73,"column":23},"end":{"line":73,"column":53}},"26":{"start":{"line":74,"column":21},"end":{"line":74,"column":49}},"27":{"start":{"line":75,"column":23},"end":{"line":75,"column":57}},"28":{"start":{"line":77,"column":2},"end":{"line":87,"column":null}},"29":{"start":{"line":78,"column":18},"end":{"line":78,"column":35}},"30":{"start":{"line":79,"column":4},"end":{"line":82,"column":null}},"31":{"start":{"line":80,"column":6},"end":{"line":80,"column":null}},"32":{"start":{"line":81,"column":6},"end":{"line":81,"column":null}},"33":{"start":{"line":82,"column":6},"end":{"line":82,"column":null}},"34":{"start":{"line":85,"column":4},"end":{"line":85,"column":null}},"35":{"start":{"line":86,"column":4},"end":{"line":86,"column":null}},"36":{"start":{"line":89,"column":8},"end":{"line":89,"column":40}},"37":{"start":{"line":91,"column":8},"end":{"line":117,"column":8}},"38":{"start":{"line":92,"column":20},"end":{"line":92,"column":null}},"39":{"start":{"line":93,"column":18},"end":{"line":93,"column":null}},"40":{"start":{"line":94,"column":4},"end":{"line":94,"column":null}},"41":{"start":{"line":94,"column":18},"end":{"line":94,"column":null}},"42":{"start":{"line":96,"column":26},"end":{"line":96,"column":null}},"43":{"start":{"line":97,"column":24},"end":{"line":97,"column":null}},"44":{"start":{"line":99,"column":23},"end":{"line":99,"column":null}},"45":{"start":{"line":100,"column":23},"end":{"line":102,"column":null}},"46":{"start":{"line":104,"column":29},"end":{"line":104,"column":77}},"47":{"start":{"line":105,"column":26},"end":{"line":105,"column":null}},"48":{"start":{"line":106,"column":23},"end":{"line":106,"column":null}},"49":{"start":{"line":107,"column":28},"end":{"line":109,"column":null}},"50":{"start":{"line":112,"column":18},"end":{"line":112,"column":null}},"51":{"start":{"line":114,"column":4},"end":{"line":114,"column":null}},"52":{"start":{"line":115,"column":4},"end":{"line":115,"column":null}},"53":{"start":{"line":116,"column":4},"end":{"line":116,"column":null}},"54":{"start":{"line":119,"column":8},"end":{"line":149,"column":null}},"55":{"start":{"line":121,"column":6},"end":{"line":121,"column":null}},"56":{"start":{"line":122,"column":6},"end":{"line":122,"column":null}},"57":{"start":{"line":122,"column":20},"end":{"line":122,"column":null}},"58":{"start":{"line":124,"column":6},"end":{"line":139,"column":null}},"59":{"start":{"line":125,"column":8},"end":{"line":125,"column":null}},"60":{"start":{"line":126,"column":8},"end":{"line":137,"column":null}},"61":{"start":{"line":127,"column":26},"end":{"line":127,"column":null}},"62":{"start":{"line":128,"column":22},"end":{"line":128,"column":null}},"63":{"start":{"line":128,"column":47},"end":{"line":128,"column":54}},"64":{"start":{"line":129,"column":10},"end":{"line":129,"column":null}},"65":{"start":{"line":130,"column":10},"end":{"line":130,"column":null}},"66":{"start":{"line":131,"column":10},"end":{"line":131,"column":null}},"67":{"start":{"line":132,"column":10},"end":{"line":135,"column":null}},"68":{"start":{"line":136,"column":10},"end":{"line":136,"column":null}},"69":{"start":{"line":137,"column":10},"end":{"line":137,"column":null}},"70":{"start":{"line":139,"column":8},"end":{"line":139,"column":null}},"71":{"start":{"line":142,"column":17},"end":{"line":142,"column":null}},"72":{"start":{"line":143,"column":6},"end":{"line":143,"column":null}},"73":{"start":{"line":143,"column":15},"end":{"line":143,"column":null}},"74":{"start":{"line":145,"column":6},"end":{"line":145,"column":null}},"75":{"start":{"line":146,"column":6},"end":{"line":146,"column":null}},"76":{"start":{"line":147,"column":6},"end":{"line":147,"column":null}},"77":{"start":{"line":152,"column":8},"end":{"line":170,"column":null}},"78":{"start":{"line":154,"column":6},"end":{"line":154,"column":null}},"79":{"start":{"line":154,"column":47},"end":{"line":154,"column":null}},"80":{"start":{"line":156,"column":6},"end":{"line":164,"column":null}},"81":{"start":{"line":157,"column":25},"end":{"line":157,"column":null}},"82":{"start":{"line":159,"column":10},"end":{"line":159,"column":null}},"83":{"start":{"line":161,"column":19},"end":{"line":161,"column":null}},"84":{"start":{"line":162,"column":8},"end":{"line":164,"column":null}},"85":{"start":{"line":163,"column":10},"end":{"line":163,"column":null}},"86":{"start":{"line":164,"column":10},"end":{"line":164,"column":null}},"87":{"start":{"line":168,"column":6},"end":{"line":168,"column":null}},"88":{"start":{"line":173,"column":8},"end":{"line":176,"column":8}},"89":{"start":{"line":174,"column":4},"end":{"line":174,"column":null}},"90":{"start":{"line":175,"column":4},"end":{"line":175,"column":null}},"91":{"start":{"line":178,"column":8},"end":{"line":185,"column":8}},"92":{"start":{"line":179,"column":4},"end":{"line":179,"column":null}},"93":{"start":{"line":180,"column":4},"end":{"line":180,"column":null}},"94":{"start":{"line":181,"column":4},"end":{"line":181,"column":null}},"95":{"start":{"line":182,"column":4},"end":{"line":182,"column":null}},"96":{"start":{"line":183,"column":4},"end":{"line":183,"column":null}},"97":{"start":{"line":184,"column":4},"end":{"line":184,"column":null}},"98":{"start":{"line":187,"column":2},"end":{"line":196,"column":null}}},"fnMap":{"0":{"name":"loadCalibration","decl":{"start":{"line":40,"column":9},"end":{"line":40,"column":51}},"loc":{"start":{"line":40,"column":51},"end":{"line":46,"column":null}},"line":40},"1":{"name":"saveCalibration","decl":{"start":{"line":50,"column":9},"end":{"line":50,"column":25}},"loc":{"start":{"line":50,"column":54},"end":{"line":51,"column":null}},"line":50},"2":{"name":"clearCalibrationData","decl":{"start":{"line":54,"column":9},"end":{"line":54,"column":38}},"loc":{"start":{"line":54,"column":38},"end":{"line":55,"column":null}},"line":54},"3":{"name":"useInclination","decl":{"start":{"line":58,"column":16},"end":{"line":58,"column":null}},"loc":{"start":{"line":60,"column":24},"end":{"line":196,"column":null}},"line":60},"4":{"name":"(anonymous_4)","decl":{"start":{"line":77,"column":2},"end":{"line":77,"column":18}},"loc":{"start":{"line":77,"column":18},"end":{"line":87,"column":7}},"line":77},"5":{"name":"(anonymous_5)","decl":{"start":{"line":91,"column":23},"end":{"line":91,"column":41}},"loc":{"start":{"line":91,"column":41},"end":{"line":117,"column":7}},"line":91},"6":{"name":"(anonymous_6)","decl":{"start":{"line":119,"column":26},"end":{"line":119,"column":null}},"loc":{"start":{"line":120,"column":49},"end":{"line":149,"column":5}},"line":120},"7":{"name":"(anonymous_7)","decl":{"start":{"line":128,"column":30},"end":{"line":128,"column":38}},"loc":{"start":{"line":128,"column":47},"end":{"line":128,"column":54}},"line":128},"8":{"name":"(anonymous_8)","decl":{"start":{"line":152,"column":24},"end":{"line":152,"column":null}},"loc":{"start":{"line":153,"column":66},"end":{"line":170,"column":5}},"line":153},"9":{"name":"(anonymous_9)","decl":{"start":{"line":173,"column":20},"end":{"line":173,"column":38}},"loc":{"start":{"line":173,"column":38},"end":{"line":176,"column":7}},"line":173},"10":{"name":"(anonymous_10)","decl":{"start":{"line":178,"column":27},"end":{"line":178,"column":45}},"loc":{"start":{"line":178,"column":45},"end":{"line":185,"column":7}},"line":178}},"branchMap":{"0":{"loc":{"start":{"line":43,"column":4},"end":{"line":43,"column":null}},"type":"if","locations":[{"start":{"line":43,"column":4},"end":{"line":43,"column":null}},{"start":{},"end":{}}],"line":43},"1":{"loc":{"start":{"line":59,"column":2},"end":{"line":59,"column":37}},"type":"default-arg","locations":[{"start":{"line":59,"column":35},"end":{"line":59,"column":37}}],"line":59},"2":{"loc":{"start":{"line":61,"column":10},"end":{"line":61,"column":29}},"type":"default-arg","locations":[{"start":{"line":61,"column":20},"end":{"line":61,"column":29}}],"line":61},"3":{"loc":{"start":{"line":79,"column":4},"end":{"line":82,"column":null}},"type":"if","locations":[{"start":{"line":79,"column":4},"end":{"line":82,"column":null}},{"start":{},"end":{}}],"line":79},"4":{"loc":{"start":{"line":94,"column":4},"end":{"line":94,"column":null}},"type":"if","locations":[{"start":{"line":94,"column":4},"end":{"line":94,"column":null}},{"start":{},"end":{}}],"line":94},"5":{"loc":{"start":{"line":97,"column":24},"end":{"line":97,"column":null}},"type":"binary-expr","locations":[{"start":{"line":97,"column":24},"end":{"line":97,"column":44}},{"start":{"line":97,"column":48},"end":{"line":97,"column":null}}],"line":97},"6":{"loc":{"start":{"line":99,"column":23},"end":{"line":99,"column":null}},"type":"binary-expr","locations":[{"start":{"line":99,"column":23},"end":{"line":99,"column":41}},{"start":{"line":99,"column":41},"end":{"line":99,"column":null}}],"line":99},"7":{"loc":{"start":{"line":100,"column":23},"end":{"line":102,"column":null}},"type":"cond-expr","locations":[{"start":{"line":101,"column":8},"end":{"line":101,"column":null}},{"start":{"line":102,"column":8},"end":{"line":102,"column":null}}],"line":100},"8":{"loc":{"start":{"line":105,"column":26},"end":{"line":105,"column":null}},"type":"cond-expr","locations":[{"start":{"line":105,"column":39},"end":{"line":105,"column":46}},{"start":{"line":105,"column":46},"end":{"line":105,"column":null}}],"line":105},"9":{"loc":{"start":{"line":106,"column":23},"end":{"line":106,"column":null}},"type":"cond-expr","locations":[{"start":{"line":106,"column":49},"end":{"line":106,"column":55}},{"start":{"line":106,"column":55},"end":{"line":106,"column":null}}],"line":106},"10":{"loc":{"start":{"line":122,"column":6},"end":{"line":122,"column":null}},"type":"if","locations":[{"start":{"line":122,"column":6},"end":{"line":122,"column":null}},{"start":{},"end":{}}],"line":122},"11":{"loc":{"start":{"line":124,"column":6},"end":{"line":139,"column":null}},"type":"if","locations":[{"start":{"line":124,"column":6},"end":{"line":139,"column":null}},{"start":{},"end":{}}],"line":124},"12":{"loc":{"start":{"line":126,"column":8},"end":{"line":137,"column":null}},"type":"if","locations":[{"start":{"line":126,"column":8},"end":{"line":137,"column":null}},{"start":{},"end":{}}],"line":126},"13":{"loc":{"start":{"line":143,"column":6},"end":{"line":143,"column":null}},"type":"if","locations":[{"start":{"line":143,"column":6},"end":{"line":143,"column":null}},{"start":{},"end":{}}],"line":143},"14":{"loc":{"start":{"line":154,"column":6},"end":{"line":154,"column":null}},"type":"if","locations":[{"start":{"line":154,"column":6},"end":{"line":154,"column":null}},{"start":{},"end":{}}],"line":154},"15":{"loc":{"start":{"line":154,"column":10},"end":{"line":154,"column":47}},"type":"binary-expr","locations":[{"start":{"line":154,"column":10},"end":{"line":154,"column":22}},{"start":{"line":154,"column":22},"end":{"line":154,"column":47}}],"line":154},"16":{"loc":{"start":{"line":156,"column":6},"end":{"line":164,"column":null}},"type":"if","locations":[{"start":{"line":156,"column":6},"end":{"line":164,"column":null}},{"start":{},"end":{}}],"line":156},"17":{"loc":{"start":{"line":156,"column":10},"end":{"line":156,"column":69}},"type":"binary-expr","locations":[{"start":{"line":156,"column":10},"end":{"line":156,"column":46}},{"start":{"line":156,"column":46},"end":{"line":156,"column":69}}],"line":156},"18":{"loc":{"start":{"line":162,"column":8},"end":{"line":164,"column":null}},"type":"if","locations":[{"start":{"line":162,"column":8},"end":{"line":164,"column":null}},{"start":{},"end":{}}],"line":162},"19":{"loc":{"start":{"line":162,"column":12},"end":{"line":162,"column":43}},"type":"binary-expr","locations":[{"start":{"line":162,"column":12},"end":{"line":162,"column":18}},{"start":{"line":162,"column":18},"end":{"line":162,"column":43}}],"line":162}},"s":{"0":1,"1":1,"2":1,"3":1,"4":1,"5":1,"6":1,"7":1,"8":16,"9":16,"10":16,"11":15,"12":1,"13":0,"14":3,"15":1,"16":29,"17":29,"18":29,"19":29,"20":29,"21":29,"22":29,"23":29,"24":29,"25":29,"26":29,"27":29,"28":29,"29":16,"30":16,"31":1,"32":1,"33":1,"34":16,"35":16,"36":29,"37":29,"38":281,"39":281,"40":281,"41":0,"42":281,"43":281,"44":281,"45":281,"46":281,"47":281,"48":281,"49":281,"50":281,"51":281,"52":281,"53":281,"54":29,"55":510,"56":510,"57":50,"58":460,"59":180,"60":180,"61":3,"62":3,"63":180,"64":3,"65":3,"66":3,"67":3,"68":3,"69":3,"70":180,"71":280,"72":280,"73":0,"74":280,"75":280,"76":280,"77":29,"78":7,"79":1,"80":6,"81":2,"82":2,"83":2,"84":2,"85":1,"86":1,"87":6,"88":29,"89":3,"90":3,"91":29,"92":1,"93":1,"94":1,"95":1,"96":1,"97":1,"98":29},"f":{"0":16,"1":3,"2":1,"3":29,"4":16,"5":281,"6":510,"7":180,"8":7,"9":3,"10":1},"b":{"0":[15,1],"1":[29],"2":[29],"3":[1,15],"4":[0,281],"5":[281,0],"6":[281,281],"7":[1,280],"8":[1,280],"9":[0,281],"10":[50,460],"11":[180,280],"12":[3,177],"13":[0,280],"14":[1,6],"15":[7,7],"16":[2,4],"17":[6,3],"18":[1,1],"19":[2,2]},"meta":{"lastBranch":20,"lastFunction":11,"lastStatement":99,"seen":{"s:4:32:4:Infinity":0,"s:32:16:32:Infinity":1,"s:33:16:33:Infinity":2,"s:34:14:34:Infinity":3,"s:35:14:35:Infinity":4,"s:36:21:36:Infinity":5,"s:37:19:37:Infinity":6,"s:38:28:38:Infinity":7,"f:40:9:40:51":0,"s:41:2:46:Infinity":8,"s:42:16:42:61":9,"b:43:4:43:Infinity:undefined:undefined:undefined:undefined":0,"s:43:4:43:Infinity":10,"s:43:14:43:Infinity":11,"s:44:4:44:Infinity":12,"s:46:4:46:Infinity":13,"f:50:9:50:25":1,"s:51:2:51:Infinity":14,"f:54:9:54:38":2,"s:55:2:55:Infinity":15,"f:58:16:58:Infinity":3,"b:59:35:59:37":1,"s:61:29:61:Infinity":16,"b:61:20:61:29":2,"s:63:8:63:60":17,"s:64:8:64:58":18,"s:65:8:65:48":19,"s:66:8:66:48":20,"s:68:8:68:38":21,"s:69:8:69:52":22,"s:70:8:70:53":23,"s:72:23:72:53":24,"s:73:23:73:53":25,"s:74:21:74:49":26,"s:75:23:75:57":27,"s:77:2:87:Infinity":28,"f:77:2:77:18":4,"s:78:18:78:35":29,"b:79:4:82:Infinity:undefined:undefined:undefined:undefined":3,"s:79:4:82:Infinity":30,"s:80:6:80:Infinity":31,"s:81:6:81:Infinity":32,"s:82:6:82:Infinity":33,"s:85:4:85:Infinity":34,"s:86:4:86:Infinity":35,"s:89:8:89:40":36,"s:91:8:117:8":37,"f:91:23:91:41":5,"s:92:20:92:Infinity":38,"s:93:18:93:Infinity":39,"b:94:4:94:Infinity:undefined:undefined:undefined:undefined":4,"s:94:4:94:Infinity":40,"s:94:18:94:Infinity":41,"s:96:26:96:Infinity":42,"s:97:24:97:Infinity":43,"b:97:24:97:44:97:48:97:Infinity":5,"s:99:23:99:Infinity":44,"b:99:23:99:41:99:41:99:Infinity":6,"s:100:23:102:Infinity":45,"b:101:8:101:Infinity:102:8:102:Infinity":7,"s:104:29:104:77":46,"s:105:26:105:Infinity":47,"b:105:39:105:46:105:46:105:Infinity":8,"s:106:23:106:Infinity":48,"b:106:49:106:55:106:55:106:Infinity":9,"s:107:28:109:Infinity":49,"s:112:18:112:Infinity":50,"s:114:4:114:Infinity":51,"s:115:4:115:Infinity":52,"s:116:4:116:Infinity":53,"s:119:8:149:Infinity":54,"f:119:26:119:Infinity":6,"s:121:6:121:Infinity":55,"b:122:6:122:Infinity:undefined:undefined:undefined:undefined":10,"s:122:6:122:Infinity":56,"s:122:20:122:Infinity":57,"b:124:6:139:Infinity:undefined:undefined:undefined:undefined":11,"s:124:6:139:Infinity":58,"s:125:8:125:Infinity":59,"b:126:8:137:Infinity:undefined:undefined:undefined:undefined":12,"s:126:8:137:Infinity":60,"s:127:26:127:Infinity":61,"s:128:22:128:Infinity":62,"f:128:30:128:38":7,"s:128:47:128:54":63,"s:129:10:129:Infinity":64,"s:130:10:130:Infinity":65,"s:131:10:131:Infinity":66,"s:132:10:135:Infinity":67,"s:136:10:136:Infinity":68,"s:137:10:137:Infinity":69,"s:139:8:139:Infinity":70,"s:142:17:142:Infinity":71,"b:143:6:143:Infinity:undefined:undefined:undefined:undefined":13,"s:143:6:143:Infinity":72,"s:143:15:143:Infinity":73,"s:145:6:145:Infinity":74,"s:146:6:146:Infinity":75,"s:147:6:147:Infinity":76,"s:152:8:170:Infinity":77,"f:152:24:152:Infinity":8,"b:154:6:154:Infinity:undefined:undefined:undefined:undefined":14,"s:154:6:154:Infinity":78,"b:154:10:154:22:154:22:154:47":15,"s:154:47:154:Infinity":79,"b:156:6:164:Infinity:undefined:undefined:undefined:undefined":16,"s:156:6:164:Infinity":80,"b:156:10:156:46:156:46:156:69":17,"s:157:25:157:Infinity":81,"s:159:10:159:Infinity":82,"s:161:19:161:Infinity":83,"b:162:8:164:Infinity:undefined:undefined:undefined:undefined":18,"s:162:8:164:Infinity":84,"b:162:12:162:18:162:18:162:43":19,"s:163:10:163:Infinity":85,"s:164:10:164:Infinity":86,"s:168:6:168:Infinity":87,"s:173:8:176:8":88,"f:173:20:173:38":9,"s:174:4:174:Infinity":89,"s:175:4:175:Infinity":90,"s:178:8:185:8":91,"f:178:27:178:45":10,"s:179:4:179:Infinity":92,"s:180:4:180:Infinity":93,"s:181:4:181:Infinity":94,"s:182:4:182:Infinity":95,"s:183:4:183:Infinity":96,"s:184:4:184:Infinity":97,"s:187:2:196:Infinity":98}}}
,"/home/lucas/develop/car-tracker/src/hooks/useLocationProvider.ts": {"path":"/home/lucas/develop/car-tracker/src/hooks/useLocationProvider.ts","statementMap":{"0":{"start":{"line":11,"column":20},"end":{"line":11,"column":null}},"1":{"start":{"line":12,"column":20},"end":{"line":12,"column":null}},"2":{"start":{"line":13,"column":29},"end":{"line":13,"column":null}},"3":{"start":{"line":16,"column":2},"end":{"line":16,"column":null}},"4":{"start":{"line":16,"column":12},"end":{"line":16,"column":null}},"5":{"start":{"line":17,"column":2},"end":{"line":19,"column":null}},"6":{"start":{"line":23,"column":40},"end":{"line":54,"column":null}},"7":{"start":{"line":56,"column":27},"end":{"line":56,"column":null}},"8":{"start":{"line":64,"column":12},"end":{"line":64,"column":null}},"9":{"start":{"line":65,"column":16},"end":{"line":65,"column":null}},"10":{"start":{"line":66,"column":16},"end":{"line":66,"column":null}},"11":{"start":{"line":67,"column":8},"end":{"line":67,"column":null}},"12":{"start":{"line":68,"column":8},"end":{"line":68,"column":null}},"13":{"start":{"line":71,"column":4},"end":{"line":75,"column":31}},"14":{"start":{"line":76,"column":12},"end":{"line":76,"column":58}},"15":{"start":{"line":78,"column":2},"end":{"line":78,"column":null}},"16":{"start":{"line":110,"column":8},"end":{"line":110,"column":65}},"17":{"start":{"line":110,"column":46},"end":{"line":110,"column":65}},"18":{"start":{"line":111,"column":8},"end":{"line":111,"column":71}},"19":{"start":{"line":111,"column":49},"end":{"line":111,"column":71}},"20":{"start":{"line":112,"column":8},"end":{"line":113,"column":null}},"21":{"start":{"line":113,"column":11},"end":{"line":113,"column":null}},"22":{"start":{"line":115,"column":8},"end":{"line":116,"column":null}},"23":{"start":{"line":116,"column":11},"end":{"line":116,"column":null}},"24":{"start":{"line":129,"column":4},"end":{"line":130,"column":22}},"25":{"start":{"line":131,"column":8},"end":{"line":131,"column":61}},"26":{"start":{"line":138,"column":10},"end":{"line":139,"column":22}},"27":{"start":{"line":141,"column":19},"end":{"line":141,"column":45}},"28":{"start":{"line":142,"column":19},"end":{"line":142,"column":45}},"29":{"start":{"line":143,"column":22},"end":{"line":143,"column":74}},"30":{"start":{"line":144,"column":25},"end":{"line":144,"column":57}},"31":{"start":{"line":146,"column":8},"end":{"line":146,"column":31}},"32":{"start":{"line":147,"column":8},"end":{"line":147,"column":57}},"33":{"start":{"line":148,"column":8},"end":{"line":148,"column":76}},"34":{"start":{"line":149,"column":8},"end":{"line":149,"column":33}},"35":{"start":{"line":150,"column":8},"end":{"line":150,"column":31}},"36":{"start":{"line":151,"column":8},"end":{"line"
[...]
31":{"start":{"line":494,"column":38},"end":{"line":494,"column":57}},"132":{"start":{"line":498,"column":4},"end":{"line":498,"column":null}},"133":{"start":{"line":501,"column":40},"end":{"line":501,"column":45}},"134":{"start":{"line":502,"column":4},"end":{"line":505,"column":null}},"135":{"start":{"line":503,"column":6},"end":{"line":505,"column":null}},"136":{"start":{"line":509,"column":28},"end":{"line":510,"column":null}},"137":{"start":{"line":510,"column":6},"end":{"line":510,"column":null}},"138":{"start":{"line":512,"column":4},"end":{"line":512,"column":null}}},"fnMap":{"0":{"name":"(anonymous_0)","decl":{"start":{"line":61,"column":31},"end":{"line":61,"column":53}},"loc":{"start":{"line":61,"column":67},"end":{"line":514,"column":3}},"line":61},"1":{"name":"(anonymous_1)","decl":{"start":{"line":72,"column":14},"end":{"line":72,"column":26}},"loc":{"start":{"line":72,"column":26},"end":{"line":123,"column":null}},"line":72},"2":{"name":"(anonymous_2)","decl":{"start":{"line":109,"column":17},"end":{"line":109,"column":23}},"loc":{"start":{"line":109,"column":29},"end":{"line":109,"column":63}},"line":109},"3":{"name":"(anonymous_3)","decl":{"start":{"line":126,"column":16},"end":{"line":126,"column":28}},"loc":{"start":{"line":126,"column":28},"end":{"line":128,"column":null}},"line":126},"4":{"name":"(anonymous_4)","decl":{"start":{"line":131,"column":20},"end":{"line":131,"column":27}},"loc":{"start":{"line":131,"column":49},"end":{"line":150,"column":null}},"line":131},"5":{"name":"(anonymous_5)","decl":{"start":{"line":153,"column":17},"end":{"line":153,"column":null}},"loc":{"start":{"line":157,"column":7},"end":{"line":287,"column":null}},"line":157},"6":{"name":"(anonymous_6)","decl":{"start":{"line":180,"column":40},"end":{"line":180,"column":47}},"loc":{"start":{"line":180,"column":60},"end":{"line":187,"column":null}},"line":180},"7":{"name":"(anonymous_7)","decl":{"start":{"line":181,"column":10},"end":{"line":181,"column":15}},"loc":{"start":{"line":181,"column":26},"end":{"line":185,"column":null}},"line":181},"8":{"name":"(anonymous_8)","decl":{"start":{"line":291,"column":17},"end":{"line":291,"column":24}},"loc":{"start":{"line":291,"column":45},"end":{"line":300,"column":null}},"line":291},"9":{"name":"(anonymous_9)","decl":{"start":{"line":303,"column":17},"end":{"line":303,"column":24}},"loc":{"start":{"line":303,"column":46},"end":{"line":352,"column":null}},"line":303},"10":{"name":"(anonymous_10)","decl":{"start":{"line":306,"column":29},"end":{"line":306,"column":35}},"loc":{"start":{"line":306,"column":41},"end":{"line":306,"column":60}},"line":306},"11":{"name":"(anonymous_11)","decl":{"start":{"line":313,"column":34},"end":{"line":313,"column":42}},"loc":{"start":{"line":313,"column":48},"end":{"line":313,"column":74}},"line":313},"12":{"name":"(anonymous_12)","decl":{"start":{"line":334,"column":41},"end":{"line":334,"column":49}},"loc":{"start":{"line":334,"column":55},"end":{"line":334,"column":74}},"line":334},"13":{"name":"(anonymous_13)","decl":{"start":{"line":355,"column":20},"end":{"line":355,"column":27}},"loc":{"start":{"line":355,"column":67},"end":{"line":467,"column":null}},"line":355},"14":{"name":"(anonymous_14)","decl":{"start":{"line":365,"column":44},"end":{"line":365,"column":59}},"loc":{"start":{"line":365,"column":72},"end":{"line":373,"column":null}},"line":365},"15":{"name":"(anonymous_15)","decl":{"start":{"line":366,"column":8},"end":{"line":366,"column":13}},"loc":{"start":{"line":366,"column":24},"end":{"line":370,"column":null}},"line":366},"16":{"name":"(anonymous_16)","decl":{"start":{"line":471,"column":29},"end":{"line":471,"column":36}},"loc":{"start":{"line":471,"column":62},"end":{"line":482,"column":null}},"line":471},"17":{"name":"(anonymous_17)","decl":{"start":{"line":485,"column":31},"end":{"line":485,"column":43}},"loc":{"start":{"line":485,"column":43},"end":{"line":490,"column":null}},"line":485},"18":{"name":"(anonymous_18)","decl":{"start":{"line":493,"column":2},"end":{"line":493,"column":26}},"loc":{"start":{"line":493,"column":48},"end":{"line":494,"column":null}},"line":493},"19":{"name":"(anonymous_19)","decl":{"start":{"line":494,"column":26},"end":{"line":494,"column":32}},"loc":{"start":{"line":494,"column":38},"end":{"line":494,"column":57}},"line":494},"20":{"name":"(anonymous_20)","decl":{"start":{"line":497,"column":26},"end":{"line":497,"column":33}},"loc":{"start":{"line":497,"column":76},"end":{"line":512,"column":null}},"line":497},"21":{"name":"(anonymous_21)","decl":{"start":{"line":509,"column":37},"end":{"line":509,"column":42}},"loc":{"start":{"line":510,"column":6},"end":{"line":510,"column":null}},"line":510}},"branchMap":{"0":{"loc":{"start":{"line":84,"column":6},"end":{"line":86,"column":null}},"type":"if","locations":[{"start":{"line":84,"column":6},"end":{"line":86,"column":null}},{"start":{},"end":{}}],"line":84},"1":{"loc":{"start":{"line":89,"column":6},"end":{"line":91,"column":null}},"type":"if","locations":[{"start":{"line":89,"column":6},"end":{"line":91,"column":null}},{"start":{},"end":{}}],"line":89},"2":{"loc":{"start":{"line":94,"column":6},"end":{"line":96,"column":null}},"type":"if","locations":[{"start":{"line":94,"column":6},"end":{"line":96,"column":null}},{"start":{},"end":{}}],"line":94},"3":{"loc":{"start":{"line":99,"column":6},"end":{"line":100,"column":null}},"type":"if","locations":[{"start":{"line":99,"column":6},"end":{"line":100,"column":null}},{"start":{},"end":{}}],"line":99},"4":{"loc":{"start":{"line":107,"column":4},"end":{"line":109,"column":null}},"type":"if","locations":[{"start":{"line":107,"column":4},"end":{"line":109,"column":null}},{"start":{},"end":{}}],"line":107},"5":{"loc":{"start":{"line":109,"column":8},"end":{"line":109,"column":null}},"type":"binary-expr","locations":[{"start":{"line":109,"column":8},"end":{"line":109,"column":63}},{"start":{"line":109,"column":67},"end":{"line":109,"column":null}}],"line":109},"6":{"loc":{"start":{"line":113,"column":4},"end":{"line":115,"column":null}},"type":"if","locations":[{"start":{"line":113,"column":4},"end":{"line":115,"column":null}},{"start":{},"end":{}}],"line":113},"7":{"loc":{"start":{"line":115,"column":31},"end":{"line":115,"column":null}},"type":"binary-expr","locations":[{"start":{"line":115,"column":31},"end":{"line":115,"column":38}},{"start":{"line":115,"column":38},"end":{"line":115,"column":null}}],"line":115},"8":{"loc":{"start":{"line":133,"column":4},"end":{"line":133,"column":null}},"type":"if","locations":[{"start":{"line":133,"column":4},"end":{"line":133,"column":null}},{"start":{},"end":{}}],"line":133},"9":{"loc":{"start":{"line":140,"column":4},"end":{"line":141,"column":null}},"type":"if","locations":[{"start":{"line":140,"column":4},"end":{"line":141,"column":null}},{"start":{},"end":{}}],"line":140},"10":{"loc":{"start":{"line":173,"column":6},"end":{"line":187,"column":null}},"type":"if","locations":[{"start":{"line":173,"column":6},"end":{"line":187,"column":null}},{"start":{"line":179,"column":13},"end":{"line":187,"column":null}}],"line":173},"11":{"loc":{"start":{"line":190,"column":6},"end":{"line":198,"column":null}},"type":"if","locations":[{"start":{"line":190,"column":6},"end":{"line":198,"column":null}},{"start":{},"end":{}}],"line":190},"12":{"loc":{"start":{"line":228,"column":26},"end":{"line":230,"column":null}},"type":"cond-expr","locations":[{"start":{"line":229,"column":13},"end":{"line":229,"column":null}},{"start":{"line":230,"column":13},"end":{"line":230,"column":null}}],"line":228},"13":{"loc":{"start":{"line":247,"column":23},"end":{"line":247,"column":null}},"type":"binary-expr","locations":[{"start":{"line":247,"column":23},"end":{"line":247,"column":52}},{"start":{"line":247,"column":52},"end":{"line":247,"column":null}}],"line":247},"14":{"loc":{"start":{"line":248,"column":20},"end":{"line":248,"column":null}},"type":"binary-expr","locations":[{"start":{"line":248,"column":20},"end":{"line":248,"column":46}},{"start":{"line":248,"column":46},"end":{"line":248,"column":null}}],"line":248},"15":{"loc":{"start":{"line":249,"column":18},"end":{"line":249,"column":null}},"type":"binary-expr","locations":[{"start":{"line":249,"column":18},"end":{"line":249,"column":42}},{"start":{"line":249,"column":42},"end":{"line":249,"column":null}}],"line":249},"16":{"loc":{"start":{"line":250,"column":29},"end":{"line":250,"column":null}},"type":"binary-expr","locations":[{"start":{"line":250,"column":29},"end":{"line":250,"column":64}},{"start":{"line":250,"column":64},"end":{"line":250,"column":null}}],"line":250},"17":{"loc":{"start":{"line":251,"column":29},"end":{"line":251,"column":null}},"type":"binary-expr","locations":[{"start":{"line":251,"column":29},"end":{"line":251,"column":64}},{"start":{"line":251,"column":64},"end":{"line":251,"column":null}}],"line":251},"18":{"loc":{"start":{"line":260,"column":6},"end":{"line":261,"column":null}},"type":"if","locations":[{"start":{"line":260,"column":6},"end":{"line":261,"column":null}},{"start":{},"end":{}}],"line":260},"19":{"loc":{"start":{"line":265,"column":8},"end":{"line":265,"column":null}},"type":"binary-expr","locations":[{"start":{"line":265,"column":8},"end":{"line":265,"column":51}},{"start":{"line":265,"column":51},"end":{"line":265,"column":null}}],"line":265},"20":{"loc":{"start":{"line":269,"column":23},"end":{"line":269,"column":null}},"type":"cond-expr","locations":[{"start":{"line":269,"column":37},"end":{"line":269,"column":47}},{"start":{"line":269,"column":47},"end":{"line":269,"column":null}}],"line":269},"21":{"loc":{"start":{"line":279,"column":23},"end":{"line":279,"column":null}},"type":"cond-expr","locations":[{"start":{"line":279,"column":46},"end":{"line":279,"column":60}},{"start":{"line":279,"column":60},"end":{"line":279,"column":null}}],"line":279},"22":{"loc":{"start":{"line":299,"column":21},"end":{"line":299,"column":null}},"type":"cond-expr","locations":[{"start":{"line":299,"column":56},"end":{"line":299,"column":66}},{"start":{"line":299,"column":66},"end":{"line":299,"column":null}}],"line":299},"23":{"loc":{"start":{"line":319,"column":25},"end":{"line":325,"column":null}},"type":"cond-expr","locations":[{"start":{"line":320,"column":12},"end":{"line":324,"column":null}},{"start":{"line":325,"column":12},"end":{"line":325,"column":null}}],"line":319},"24":{"loc":{"start":{"line":333,"column":4},"end":{"line":343,"column":null}},"type":"if","locations":[{"start":{"line":333,"column":4},"end":{"line":343,"column":null}},{"start":{"line":342,"column":11},"end":{"line":343,"column":null}}],"line":333},"25":{"loc":{"start":{"line":336,"column":6},"end":{"line":340,"column":null}},"type":"if","locations":[{"start":{"line":336,"column":6},"end":{"line":340,"column":null}},{"start":{"line":339,"column":13},"end":{"line":340,"column":null}}],"line":336},"26":{"loc":{"start":{"line":375,"column":6},"end":{"line":383,"column":null}},"type":"if","locations":[{"start":{"line":375,"column":6},"end":{"line":383,"column":null}},{"start":{},"end":{}}],"line":375},"27":{"loc":{"start":{"line":387,"column":6},"end":{"line":395,"column":null}},"type":"if","locations":[{"start":{"line":387,"column":6},"end":{"line":395,"column":null}},{"start":{},"end":{}}],"line":387},"28":{"loc":{"start":{"line":449,"column":10},"end":{"line":449,"column":null}},"type":"cond-expr","locations":[{"start":{"line":449,"column":44},"end":{"line":449,"column":61}},{"start":{"line":449,"column":61},"end":{"line":449,"column":null}}],"line":449},"29":{"loc":{"start":{"line":459,"column":23},"end":{"line":459,"column":null}},"type":"cond-expr","locations":[{"start":{"line":459,"column":46},"end":{"line":459,"column":60}},{"start":{"line":459,"column":60},"end":{"line":459,"column":null}}],"line":459},"30":{"loc":{"start":{"line":473,"column":4},"end":{"line":473,"column":null}},"type":"if","locations":[{"start":{"line":473,"column":4},"end":{"line":473,"column":null}},{"start":{},"end":{}}],"line":473},"31":{"loc":{"start":{"line":487,"column":4},"end":{"line":487,"column":null}},"type":"if","locations":[{"start":{"line":487,"column":4},"end":{"line":487,"column":null}},{"start":{},"end":{}}],"line":487},"32":{"loc":{"start":{"line":502,"column":4},"end":{"line":505,"column":null}},"type":"if","locations":[{"start":{"line":502,"column":4},"end":{"line":505,"column":null}},{"start":{},"end":{}}],"line":502},"33":{"loc":{"start":{"line":510,"column":6},"end":{"line":510,"column":null}},"type":"cond-expr","locations":[{"start":{"line":510,"column":27},"end":{"line":510,"column":51}},{"start":{"line":510,"column":51},"end":{"line":510,"column":null}}],"line":510}},"s":{"0":0,"1":0,"2":0,"3":0,"4":0,"5":0,"6":0,"7":0,"8":0,"9":0,"10":0,"11":0,"12":0,"13":0,"14":0,"15":0,"16":0,"17":0,"18":0,"19":0,"20":0,"21":0,"22":0,"23":0,"24":0,"25":0,"26":0,"27":0,"28":0,"29":0,"30":0,"31":0,"32":0,"33":0,"34":0,"35":0,"36":0,"37":0,"38":0,"39":0,"40":0,"41":0,"42":0,"43":0,"44":0,"45":0,"46":0,"47":0,"48":0,"49":0,"50":0,"51":0,"52":0,"53":0,"54":0,"55":0,"56":0,"57":0,"58":0,"59":0,"60":0,"61":0,"62":0,"63":0,"64":0,"65":0,"66":0,"67":0,"68":0,"69":0,"70":0,"71":0,"72":0,"73":0,"74":0,"75":0,"76":0,"77":0,"78":0,"79":0,"80":0,"81":0,"82":0,"83":0,"84":0,"85":0,"86":0,"87":0,"88":0,"89":0,"90":0,"91":0,"92":0,"93":0,"94":0,"95":0,"96":0,"97":0,"98":0,"99":0,"100":0,"101":0,"102":0,"103":0,"104":0,"105":0,"106":0,"107":0,"108":0,"109":0,"110":0,"111":0,"112":0,"113":0,"114":0,"115":0,"116":0,"117":0,"118":0,"119":0,"120":0,"121":0,"122":0,"123":0,"124":0,"125":0,"126":0,"127":0,"128":0,"129":0,"130":0,"131":0,"132":0,"133":0,"134":0,"135":0,"136":0,"137":0,"138":0},"f":{"0":0,"1":0,"2":0,"3":0,"4":0,"5":0,"6":0,"7":0,"8":0,"9":0,"10":0,"11":0,"12":0,"13":0,"14":0,"15":0,"16":0,"17":0,"18":0,"19":0,"20":0,"21":0},"b":{"0":[0,0],"1":[0,0],"2":[0,0],"3":[0,0],"4":[0,0],"5":[0,0],"6":[0,0],"7":[0,0],"8":[0,0],"9":[0,0],"10":[0,0],"11":[0,0],"12":[0,0],"13":[0,0],"14":[0,0],"15":[0,0],"16":[0,0],"17":[0,0],"18":[0,0],"19":[0,0],"20":[0,0],"21":[0,0],"22":[0,0],"23":[0,0],"24":[0,0],"25":[0,0],"26":[0,0],"27":[0,0],"28":[0,0],"29":[0,0],"30":[0,0],"31":[0,0],"32":[0,0],"33":[0,0]},"meta":{"lastBranch":34,"lastFunction":22,"lastStatement":139,"seen":{"s:61:13:514:3":0,"f:61:31:61:53":0,"s:61:67:514:3":1,"f:72:14:72:26":1,"s:73:4:73:Infinity":2,"s:75:4:75:Infinity":3,"s:77:19:77:38":4,"s:78:21:78:40":5,"s:80:4:100:Infinity":6,"s:81:24:81:Infinity":7,"s:82:27:82:35":8,"b:84:6:86:Infinity:undefined:undefined:undefined:undefined":0,"s:84:6:86:Infinity":9,"s:85:8:85:Infinity":10,"s:86:8:86:Infinity":11,"b:89:6:91:Infinity:undefined:undefined:undefined:undefined":1,"s:89:6:91:Infinity":12,"s:90:8:90:Infinity":13,"s:91:8:91:Infinity":14,"b:94:6:96:Infinity:undefined:undefined:undefined:undefined":2,"s:94:6:96:Infinity":15,"s:95:8:95:Infinity":16,"s:96:8:96:Infinity":17,"b:99:6:100:Infinity:undefined:undefined:undefined:undefined":3,"s:99:6:100:Infinity":18,"s:100:8:100:Infinity":19,"s:104:4:104:Infinity":20,"s:106:40:106:Infinity":21,"b:107:4:109:Infinity:undefined:undefined:undefined:undefined":4,"s:107:4:109:Infinity":22,"s:108:6:109:Infinity":23,"b:109:8:109:63:109:67:109:Infinity":5,"f:109:17:109:23":2,"s:109:29:109:63":24,"s:112:64:112:Infinity":25,"b:113:4:115:Infinity:undefined:undefined:undefined:undefined":6,"s:113:4:115:Infinity":26,"s:114:18:114:67":27,"s:115:6:115:Infinity":28,"b:115:31:115:38:115:38:115:Infinity":7,"s:118:4:123:Infinity":29,"f:126:16:126:28":3,"s:127:21:127:40":30,"s:128:4:128:Infinity":31,"f:131:20:131:27":4,"s:132:20:132:47":32,"b:133:4:133:Infinity:undefined:undefined:undefined:undefined":8,"s:133:4:133:Infinity":33,"s:133:18:133:Infinity":34,"s:135:21:135:40":35,"s:136:4:136:Infinity":36,"s:138:64:138:Infinity":37,"s:139:16:139:58":38,"b:140:4:141:Infinity:undefined:undefined:undefined:undefined":9,"s:140:4:141:Infinity":39,"s:141:6:141:Infinity":40,"s:144:4:147:Infinity":41,"s:149:28:149:60":42,"s:150:4:150:Infinity":43,"f:153:17:153:Infinity":5,"s:158:4:164:Infinity":44,"s:170:15:170:Infinity":45,"s:172:4:287:Infinity":46,"b:173:6:187:Infinity:179:13:187:Infinity":10,"s:173:6:187:Infinity":47,"s:174:8:178:Infinity":48,"s:180:8:187:Infinity":49,"f:180:40:180:47":6,"s:181:10:186:Infinity":50,"f:181:10:181:15":7,"s:181:26:185:Infinity":51,"b:190:6:198:Infinity:undefined:undefined:undefined:undefined":11,"s:190:6:198:Infinity":52,"s:191:8:197:Infinity":53,"s:198:8:198:Infinity":54,"s:201:18:201:42":55,"s:202:31:253:Infinity":56,"b:229:13:229:Infinity:230:13:230:Infinity":12,"b:247:23:247:52:247:52:247:Infinity":13,"b:248:20:248:46:248:46:248:Infinity":14,"b:249:18:249:42:249:42:249:Infinity":15,"b:250:29:250:64:250:64:250:Infinity":16,"b:251:29:251:64:251:64:251:Infinity":17,"s:255:6:255:Infinity":57,"s:257:23:257:42":58,"s:258:23:258:42":59,"b:260:6:261:Infinity:undefined:undefined:undefined:undefined":18,"s:260:6:261:Infinity":60,"s:261:8:261:Infinity":61,"s:265:8:265:Infinity":62,"b:265:8:265:51:265:51:265:Infinity":19,"s:267:6:275:Infinity":63,"b:269:37:269:47:269:47:269:Infinity":20,"s:277:6:277:Infinity":64,"s:279:23:279:Infinity":65,"b:279:46:279:60:279:60:279:Infinity":21,"s:280:6:286:Infinity":66,"s:287:6:287:Infinity":67,"f:291:17:291:24":8,"s:292:4:292:Infinity":68,"s:294:21:294:40":69,"s:295:26:295:Infinity":70,"s:297:4:300:Infinity":71,"b:299:56:299:66:299:66:299:Infinity":22,"f:303:17:303:24":9,"s:304:21:304:40":72,"s:305:21:305:Infinity":73,"s:306:20:306:60":74,"f:306:29:306:35":10,"s:306:41:306:60":75,"s:309:4:309:Infinity":76,"s:312:21:312:40":77,"s:313:25:313:74":78,"f:313:34:313:42":11,"s:313:48:313:74":79,"s:315:4:326:Infinity":80,"s:316:6:326:Infinity":81,"b:320:12:324:Infinity:325:12:325:Infinity":23,"s:329:4:329:Infinity":82,"s:331:43:331:Infinity":83,"b:333:4:343:Infinity:342:11:343:Infinity":24,"s:333:4:343:Infinity":84,"s:334:32:334:74":85,"f:334:41:334:49":12,"s:334:55:334:74":86,"s:335:26:335:Infinity":87,"b:336:6:340:Infinity:339:13:340:Infinity":25,"s:336:6:340:Infinity":88,"s:337:8:337:Infinity":89,"s:338:8:338:Infinity":90,"s:340:8:340:Infinity":91,"s:343:6:343:Infinity":92,"s:346:28:346:47":93,"s:347:4:350:Infinity":94,"s:352:4:352:Infinity":95,"f:355:20:355:27":13,"s:356:4:362:Infinity":96,"s:364:4:467:Infinity":97,"s:365:21:373:Infinity":98,"f:365:44:365:59":14,"s:366:8:371:Infinity":99,"f:366:8:366:13":15,"s:366:24:370:Infinity":100,"s:372:8:372:Infinity":101,"b:375:6:383:Infinity:undefined:undefined:undefined:undefined":26,"s:375:6:383:Infinity":102,"s:376:8:382:Infinity":103,"s:383:8:383:Infinity":104,"s:386:22:386:49":105,"b:387:6:395:Infinity:undefined:undefined:undefined:undefined":27,"s:387:6:395:Infinity":106,"s:388:8:394:Infinity":107,"s:395:8:395:Infinity":108,"s:398:18:398:42":109,"s:399:38:439:Infinity":110,"s:441:6:441:Infinity":111,"s:443:23:443:42":112,"s:444:28:444:Infinity":113,"s:446:6:455:Infinity":114,"b:449:44:449:61:449:61:449:Infinity":28,"s:457:6:457:Infinity":115,"s:459:23:459:Infinity":116,"b:459:46:459:60:459:60:459:Infinity":29,"s:460:6:466:Infinity":117,"s:467:6:467:Infinity":118,"f:471:29:471:36":16,"s:472:30:472:35":119,"b:473:4:473:Infinity:undefined:undefined:undefined:undefined":30,"s:473:4:473:Infinity":120,"s:473:24:473:Infinity":121,"s:475:48:479:Infinity":122,"s:481:4:481:Infinity":123,"s:482:4:482:Infinity":124,"f:485:31:485:43":17,"s:486:30:486:35":125,"b:487:4:487:Infinity:undefined:undefined:undefined:undefined":31,"s:487:4:487:Infinity":126,"s:487:24:487:Infinity":127,"s:489:4:489:Infinity":128,"s:490:4:490:Infinity":129,"f:493:2:493:26":18,"s:494:4:494:Infinity":130,"f:494:26:494:32":19,"s:494:38:494:57":131,"f:497:26:497:33":20,"s:498:4:498:Infinity":132,"s:501:40:501:45":133,"b:502:4:505:Infinity:undefined:undefined:undefined:undefined":32,"s:502:4:505:Infinity":134,"s:503:6:505:Infinity":135,"s:509:28:510:Infinity":136,"f:509:37:509:42":21,"s:510:6:510:Infinity":137,"b:510:27:510:51:510:51:510:Infinity":33,"s:512:4:512:Infinity":138}}}
}
